# Logfile created on Wed Sep 07 16:10:51 +0530 2011 by logger.rb/22285
2011-09-07T16:10:51+0530: [Worker(delayed_job host:rajsurabhi-desktop pid:9374)] Starting job worker
2011-09-07T16:10:52+0530: [Worker(delayed_job host:rajsurabhi-desktop pid:9374)] FetchData failed with NameError: uninitialized constant FetchDataController::IQEngines - 0 failed attempts
2011-09-07T16:10:52+0530: [Worker(delayed_job host:rajsurabhi-desktop pid:9374)] FetchData failed with NameError: uninitialized constant FetchDataController::IQEngines - 0 failed attempts
2011-09-07T16:10:52+0530: [Worker(delayed_job host:rajsurabhi-desktop pid:9374)] FetchData failed with NameError: uninitialized constant FetchDataController::IQEngines - 0 failed attempts
2011-09-07T16:10:52+0530: [Worker(delayed_job host:rajsurabhi-desktop pid:9374)] FetchData failed with NameError: uninitialized constant FetchDataController::IQEngines - 0 failed attempts
2011-09-07T16:10:52+0530: [Worker(delayed_job host:rajsurabhi-desktop pid:9374)] FetchData failed with NameError: uninitialized constant FetchDataController::IQEngines - 0 failed attempts
2011-09-07T16:10:52+0530: [Worker(delayed_job host:rajsurabhi-desktop pid:9374)] FetchData failed with NameError: uninitialized constant FetchDataController::IQEngines - 0 failed attempts
2011-09-07T16:10:52+0530: [Worker(delayed_job host:rajsurabhi-desktop pid:9374)] FetchData failed with NameError: uninitialized constant FetchDataController::IQEngines - 0 failed attempts
2011-09-07T16:10:52+0530: [Worker(delayed_job host:rajsurabhi-desktop pid:9374)] 7 jobs processed at 8.1750 j/s, 7 failed ...
2011-09-07T16:10:57+0530: [Worker(delayed_job host:rajsurabhi-desktop pid:9374)] FetchData failed with NameError: uninitialized constant FetchDataController::IQEngines - 0 failed attempts
2011-09-07T16:10:57+0530: [Worker(delayed_job host:rajsurabhi-desktop pid:9374)] FetchData failed with NameError: uninitialized constant FetchDataController::IQEngines - 0 failed attempts
2011-09-07T16:10:57+0530: [Worker(delayed_job host:rajsurabhi-desktop pid:9374)] 2 jobs processed at 16.1123 j/s, 2 failed ...
2011-09-07T16:11:02+0530: [Worker(delayed_job host:rajsurabhi-desktop pid:9374)] FetchData failed with NameError: uninitialized constant FetchDataController::IQEngines - 1 failed attempts
2011-09-07T16:11:03+0530: [Worker(delayed_job host:rajsurabhi-desktop pid:9374)] FetchData failed with NameError: uninitialized constant FetchDataController::IQEngines - 1 failed attempts
2011-09-07T16:11:03+0530: [Worker(delayed_job host:rajsurabhi-desktop pid:9374)] FetchData failed with NameError: uninitialized constant FetchDataController::IQEngines - 1 failed attempts
2011-09-07T16:11:03+0530: [Worker(delayed_job host:rajsurabhi-desktop pid:9374)] FetchData failed with NameError: uninitialized constant FetchDataController::IQEngines - 1 failed attempts
2011-09-07T16:11:03+0530: [Worker(delayed_job host:rajsurabhi-desktop pid:9374)] FetchData failed with NameError: uninitialized constant FetchDataController::IQEngines - 1 failed attempts
2011-09-07T16:11:03+0530: [Worker(delayed_job host:rajsurabhi-desktop pid:9374)] FetchData failed with NameError: uninitialized constant FetchDataController::IQEngines - 1 failed attempts
2011-09-07T16:11:03+0530: [Worker(delayed_job host:rajsurabhi-desktop pid:9374)] FetchData failed with NameError: uninitialized constant FetchDataController::IQEngines - 1 failed attempts
2011-09-07T16:11:03+0530: [Worker(delayed_job host:rajsurabhi-desktop pid:9374)] FetchData failed with NameError: uninitialized constant FetchDataController::IQEngines - 0 failed attempts
2011-09-07T16:11:04+0530: [Worker(delayed_job host:rajsurabhi-desktop pid:9374)] FetchData failed with NameError: uninitialized constant FetchDataController::IQEngines - 0 failed attempts
2011-09-07T16:11:04+0530: [Worker(delayed_job host:rajsurabhi-desktop pid:9374)] FetchData failed with NameError: uninitialized constant FetchDataController::IQEngines - 1 failed attempts
2011-09-07T16:11:04+0530: [Worker(delayed_job host:rajsurabhi-desktop pid:9374)] FetchData failed with NameError: uninitialized constant FetchDataController::IQEngines - 1 failed attempts
2011-09-07T16:11:04+0530: [Worker(delayed_job host:rajsurabhi-desktop pid:9374)] FetchData failed with NameError: uninitialized constant FetchDataController::IQEngines - 0 failed attempts
2011-09-07T16:11:04+0530: [Worker(delayed_job host:rajsurabhi-desktop pid:9374)] 12 jobs processed at 8.4336 j/s, 12 failed ...
2011-09-07T16:11:09+0530: [Worker(delayed_job host:rajsurabhi-desktop pid:9374)] FetchData failed with NameError: uninitialized constant FetchDataController::IQEngines - 1 failed attempts
2011-09-07T16:11:09+0530: [Worker(delayed_job host:rajsurabhi-desktop pid:9374)] 1 jobs processed at 9.6746 j/s, 1 failed ...
2011-09-07T16:11:14+0530: [Worker(delayed_job host:rajsurabhi-desktop pid:9374)] FetchData failed with NameError: uninitialized constant FetchDataController::IQEngines - 1 failed attempts
2011-09-07T16:11:14+0530: [Worker(delayed_job host:rajsurabhi-desktop pid:9374)] FetchData failed with NameError: uninitialized constant FetchDataController::IQEngines - 1 failed attempts
2011-09-07T16:11:14+0530: [Worker(delayed_job host:rajsurabhi-desktop pid:9374)] 2 jobs processed at 10.5075 j/s, 2 failed ...
2011-09-07T16:11:24+0530: [Worker(delayed_job host:rajsurabhi-desktop pid:9374)] FetchData failed with NameError: uninitialized constant FetchDataController::IQEngines - 2 failed attempts
2011-09-07T16:11:24+0530: [Worker(delayed_job host:rajsurabhi-desktop pid:9374)] FetchData failed with NameError: uninitialized constant FetchDataController::IQEngines - 2 failed attempts
2011-09-07T16:11:24+0530: [Worker(delayed_job host:rajsurabhi-desktop pid:9374)] FetchData failed with NameError: uninitialized constant FetchDataController::IQEngines - 2 failed attempts
2011-09-07T16:11:25+0530: [Worker(delayed_job host:rajsurabhi-desktop pid:9374)] FetchData failed with NameError: uninitialized constant FetchDataController::IQEngines - 2 failed attempts
2011-09-07T16:11:25+0530: [Worker(delayed_job host:rajsurabhi-desktop pid:9374)] FetchData failed with NameError: uninitialized constant FetchDataController::IQEngines - 2 failed attempts
2011-09-07T16:11:25+0530: [Worker(delayed_job host:rajsurabhi-desktop pid:9374)] FetchData failed with NameError: uninitialized constant FetchDataController::IQEngines - 2 failed attempts
2011-09-07T16:11:25+0530: [Worker(delayed_job host:rajsurabhi-desktop pid:9374)] FetchData failed with NameError: uninitialized constant FetchDataController::IQEngines - 2 failed attempts
2011-09-07T16:11:25+0530: [Worker(delayed_job host:rajsurabhi-desktop pid:9374)] FetchData failed with NameError: uninitialized constant FetchDataController::IQEngines - 2 failed attempts
2011-09-07T16:11:25+0530: [Worker(delayed_job host:rajsurabhi-desktop pid:9374)] FetchData failed with NameError: uninitialized constant FetchDataController::IQEngines - 2 failed attempts
2011-09-07T16:11:25+0530: [Worker(delayed_job host:rajsurabhi-desktop pid:9374)] 9 jobs processed at 10.0926 j/s, 9 failed ...
2011-09-07T16:11:30+0530: [Worker(delayed_job host:rajsurabhi-desktop pid:9374)] FetchData failed with NameError: uninitialized constant FetchDataController::IQEngines - 2 failed attempts
2011-09-07T16:11:30+0530: [Worker(delayed_job host:rajsurabhi-desktop pid:9374)] 1 jobs processed at 10.4495 j/s, 1 failed ...
2011-09-07T16:11:35+0530: [Worker(delayed_job host:rajsurabhi-desktop pid:9374)] FetchData failed with NameError: uninitialized constant FetchDataController::IQEngines - 2 failed attempts
2011-09-07T16:11:35+0530: [Worker(delayed_job host:rajsurabhi-desktop pid:9374)] FetchData failed with NameError: uninitialized constant FetchDataController::IQEngines - 2 failed attempts
2011-09-07T16:11:35+0530: [Worker(delayed_job host:rajsurabhi-desktop pid:9374)] 2 jobs processed at 11.3431 j/s, 2 failed ...
2011-09-07T16:11:52+0530: [Worker(delayed_job host:rajsurabhi-desktop pid:9374)] Exiting...
2011-09-07T16:11:58+0530: [Worker(delayed_job host:rajsurabhi-desktop pid:9389)] Starting job worker
2011-09-07T16:12:55+0530: [Worker(delayed_job host:rajsurabhi-desktop pid:9389)] FetchData failed with ActiveRecord::StatementInvalid: Mysql::Error: You have an error in your SQL syntax; check the manual that corresponds to your MySQL server version for the right syntax to use near '=>'--- !ruby/object:Digest::SHA1 {}\n\n')  LIMIT 1' at line 1: SELECT * FROM `images` WHERE (qid=>'--- !ruby/object:Digest::SHA1 {}\n\n')  LIMIT 1 - 3 failed attempts
2011-09-07T16:12:55+0530: [Worker(delayed_job host:rajsurabhi-desktop pid:9389)] FetchData failed with TypeError: can't convert nil into String - 3 failed attempts
2011-09-07T16:12:55+0530: [Worker(delayed_job host:rajsurabhi-desktop pid:9389)] FetchData failed with TypeError: can't convert nil into String - 3 failed attempts
2011-09-07T16:12:55+0530: [Worker(delayed_job host:rajsurabhi-desktop pid:9389)] FetchData failed with TypeError: can't convert nil into String - 3 failed attempts
2011-09-07T16:12:55+0530: [Worker(delayed_job host:rajsurabhi-desktop pid:9389)] FetchData failed with TypeError: can't convert nil into String - 3 failed attempts
2011-09-07T16:12:55+0530: [Worker(delayed_job host:rajsurabhi-desktop pid:9389)] FetchData failed with TypeError: can't convert nil into String - 3 failed attempts
2011-09-07T16:12:55+0530: [Worker(delayed_job host:rajsurabhi-desktop pid:9389)] FetchData failed with TypeError: can't convert nil into String - 3 failed attempts
2011-09-07T16:12:56+0530: [Worker(delayed_job host:rajsurabhi-desktop pid:9389)] FetchData failed with TypeError: can't convert nil into String - 3 failed attempts
2011-09-07T16:12:56+0530: [Worker(delayed_job host:rajsurabhi-desktop pid:9389)] FetchData failed with TypeError: can't convert nil into String - 3 failed attempts
2011-09-07T16:12:56+0530: [Worker(delayed_job host:rajsurabhi-desktop pid:9389)] FetchData failed with TypeError: can't convert nil into String - 3 failed attempts
2011-09-07T16:12:56+0530: [Worker(delayed_job host:rajsurabhi-desktop pid:9389)] 10 jobs processed at 4.5403 j/s, 10 failed ...
2011-09-07T16:13:01+0530: [Worker(delayed_job host:rajsurabhi-desktop pid:9389)] FetchData failed with TypeError: can't convert nil into String - 3 failed attempts
2011-09-07T16:13:01+0530: [Worker(delayed_job host:rajsurabhi-desktop pid:9389)] FetchData failed with TypeError: can't convert nil into String - 3 failed attempts
2011-09-07T16:13:01+0530: [Worker(delayed_job host:rajsurabhi-desktop pid:9389)] 2 jobs processed at 11.0785 j/s, 2 failed ...
2011-09-07T16:13:16+0530: [Worker(delayed_job host:rajsurabhi-desktop pid:9389)] FetchData failed with TypeError: can't convert nil into String - 0 failed attempts
2011-09-07T16:13:16+0530: [Worker(delayed_job host:rajsurabhi-desktop pid:9389)] FetchData failed with TypeError: can't convert nil into String - 0 failed attempts
2011-09-07T16:13:16+0530: [Worker(delayed_job host:rajsurabhi-desktop pid:9389)] 2 jobs processed at 16.2583 j/s, 2 failed ...
2011-09-07T16:13:21+0530: [Worker(delayed_job host:rajsurabhi-desktop pid:9389)] FetchData failed with TypeError: can't convert nil into String - 0 failed attempts
2011-09-07T16:13:21+0530: [Worker(delayed_job host:rajsurabhi-desktop pid:9389)] FetchData failed with TypeError: can't convert nil into String - 0 failed attempts
2011-09-07T16:13:22+0530: [Worker(delayed_job host:rajsurabhi-desktop pid:9389)] FetchData failed with TypeError: can't convert nil into String - 0 failed attempts
2011-09-07T16:13:22+0530: [Worker(delayed_job host:rajsurabhi-desktop pid:9389)] FetchData failed with TypeError: can't convert nil into String - 1 failed attempts
2011-09-07T16:13:22+0530: [Worker(delayed_job host:rajsurabhi-desktop pid:9389)] FetchData failed with TypeError: can't convert nil into String - 1 failed attempts
2011-09-07T16:13:22+0530: [Worker(delayed_job host:rajsurabhi-desktop pid:9389)] 5 jobs processed at 6.3687 j/s, 5 failed ...
2011-09-07T16:13:27+0530: [Worker(delayed_job host:rajsurabhi-desktop pid:9389)] FetchData failed with TypeError: can't convert nil into String - 0 failed attempts
2011-09-07T16:13:27+0530: [Worker(delayed_job host:rajsurabhi-desktop pid:9389)] FetchData failed with TypeError: can't convert nil into String - 1 failed attempts
2011-09-07T16:13:27+0530: [Worker(delayed_job host:rajsurabhi-desktop pid:9389)] FetchData failed with TypeError: can't convert nil into String - 1 failed attempts
2011-09-07T16:13:27+0530: [Worker(delayed_job host:rajsurabhi-desktop pid:9389)] 3 jobs processed at 10.4668 j/s, 3 failed ...
2011-09-07T16:13:32+0530: [Worker(delayed_job host:rajsurabhi-desktop pid:9389)] FetchData failed with TypeError: can't convert nil into String - 0 failed attempts
2011-09-07T16:13:32+0530: [Worker(delayed_job host:rajsurabhi-desktop pid:9389)] FetchData failed with TypeError: can't convert nil into String - 1 failed attempts
2011-09-07T16:13:32+0530: [Worker(delayed_job host:rajsurabhi-desktop pid:9389)] FetchData failed with TypeError: can't convert nil into String - 0 failed attempts
2011-09-07T16:13:32+0530: [Worker(delayed_job host:rajsurabhi-desktop pid:9389)] 3 jobs processed at 11.0222 j/s, 3 failed ...
2011-09-07T16:13:37+0530: [Worker(delayed_job host:rajsurabhi-desktop pid:9389)] FetchData failed with TypeError: can't convert nil into String - 1 failed attempts
2011-09-07T16:13:38+0530: [Worker(delayed_job host:rajsurabhi-desktop pid:9389)] FetchData failed with TypeError: can't convert nil into String - 0 failed attempts
2011-09-07T16:13:38+0530: [Worker(delayed_job host:rajsurabhi-desktop pid:9389)] FetchData failed with TypeError: can't convert nil into String - 0 failed attempts
2011-09-07T16:13:38+0530: [Worker(delayed_job host:rajsurabhi-desktop pid:9389)] FetchData failed with TypeError: can't convert nil into String - 1 failed attempts
2011-09-07T16:13:38+0530: [Worker(delayed_job host:rajsurabhi-desktop pid:9389)] FetchData failed with TypeError: can't convert nil into String - 1 failed attempts
2011-09-07T16:13:38+0530: [Worker(delayed_job host:rajsurabhi-desktop pid:9389)] FetchData failed with TypeError: can't convert nil into String - 0 failed attempts
2011-09-07T16:13:38+0530: [Worker(delayed_job host:rajsurabhi-desktop pid:9389)] 6 jobs processed at 9.7448 j/s, 6 failed ...
2011-09-07T16:13:43+0530: [Worker(delayed_job host:rajsurabhi-desktop pid:9389)] FetchData failed with TypeError: can't convert nil into String - 0 failed attempts
2011-09-07T16:13:43+0530: [Worker(delayed_job host:rajsurabhi-desktop pid:9389)] FetchData failed with TypeError: can't convert nil into String - 2 failed attempts
2011-09-07T16:13:43+0530: [Worker(delayed_job host:rajsurabhi-desktop pid:9389)] FetchData failed with TypeError: can't convert nil into String - 2 failed attempts
2011-09-07T16:13:43+0530: [Worker(delayed_job host:rajsurabhi-desktop pid:9389)] 3 jobs processed at 10.3787 j/s, 3 failed ...
2011-09-07T16:13:48+0530: [Worker(delayed_job host:rajsurabhi-desktop pid:9389)] FetchData failed with TypeError: can't convert nil into String - 1 failed attempts
2011-09-07T16:13:48+0530: [Worker(delayed_job host:rajsurabhi-desktop pid:9389)] FetchData failed with TypeError: can't convert nil into String - 1 failed attempts
2011-09-07T16:13:49+0530: [Worker(delayed_job host:rajsurabhi-desktop pid:9389)] FetchData failed with TypeError: can't convert nil into String - 1 failed attempts
2011-09-07T16:13:49+0530: [Worker(delayed_job host:rajsurabhi-desktop pid:9389)] FetchData failed with TypeError: can't convert nil into String - 2 failed attempts
2011-09-07T16:13:49+0530: [Worker(delayed_job host:rajsurabhi-desktop pid:9389)] FetchData failed with TypeError: can't convert nil into String - 2 failed attempts
2011-09-07T16:13:49+0530: [Worker(delayed_job host:rajsurabhi-desktop pid:9389)] FetchData failed with TypeError: can't convert nil into String - 1 failed attempts
2011-09-07T16:13:49+0530: [Worker(delayed_job host:rajsurabhi-desktop pid:9389)] 6 jobs processed at 11.0885 j/s, 6 failed ...
2011-09-07T16:13:54+0530: [Worker(delayed_job host:rajsurabhi-desktop pid:9389)] FetchData failed with TypeError: can't convert nil into String - 2 failed attempts
2011-09-07T16:13:54+0530: [Worker(delayed_job host:rajsurabhi-desktop pid:9389)] 1 jobs processed at 5.3224 j/s, 1 failed ...
2011-09-07T16:13:59+0530: [Worker(delayed_job host:rajsurabhi-desktop pid:9389)] FetchData failed with TypeError: can't convert nil into String - 2 failed attempts
2011-09-07T16:14:00+0530: [Worker(delayed_job host:rajsurabhi-desktop pid:9389)] FetchData failed with TypeError: can't convert nil into String - 2 failed attempts
2011-09-07T16:14:00+0530: [Worker(delayed_job host:rajsurabhi-desktop pid:9389)] FetchData failed with TypeError: can't convert nil into String - 2 failed attempts
2011-09-07T16:14:00+0530: [Worker(delayed_job host:rajsurabhi-desktop pid:9389)] 3 jobs processed at 4.3653 j/s, 3 failed ...
2011-09-07T16:14:10+0530: [Worker(delayed_job host:rajsurabhi-desktop pid:9389)] FetchData failed with TypeError: can't convert nil into String - 2 failed attempts
2011-09-07T16:14:10+0530: [Worker(delayed_job host:rajsurabhi-desktop pid:9389)] FetchData failed with TypeError: can't convert nil into String - 2 failed attempts
2011-09-07T16:14:10+0530: [Worker(delayed_job host:rajsurabhi-desktop pid:9389)] FetchData failed with TypeError: can't convert nil into String - 2 failed attempts
2011-09-07T16:14:10+0530: [Worker(delayed_job host:rajsurabhi-desktop pid:9389)] FetchData failed with TypeError: can't convert nil into String - 2 failed attempts
2011-09-07T16:14:10+0530: [Worker(delayed_job host:rajsurabhi-desktop pid:9389)] 4 jobs processed at 11.4024 j/s, 4 failed ...
2011-09-07T16:15:10+0530: [Worker(delayed_job host:rajsurabhi-desktop pid:9389)] FetchData failed with TypeError: can't convert nil into String - 3 failed attempts
2011-09-07T16:15:10+0530: [Worker(delayed_job host:rajsurabhi-desktop pid:9389)] FetchData failed with TypeError: can't convert nil into String - 3 failed attempts
2011-09-07T16:15:10+0530: [Worker(delayed_job host:rajsurabhi-desktop pid:9389)] 2 jobs processed at 10.6212 j/s, 2 failed ...
2011-09-07T16:15:15+0530: [Worker(delayed_job host:rajsurabhi-desktop pid:9389)] FetchData failed with TypeError: can't convert nil into String - 3 failed attempts
2011-09-07T16:15:16+0530: [Worker(delayed_job host:rajsurabhi-desktop pid:9389)] FetchData failed with TypeError: can't convert nil into String - 3 failed attempts
2011-09-07T16:15:16+0530: [Worker(delayed_job host:rajsurabhi-desktop pid:9389)] 2 jobs processed at 11.3961 j/s, 2 failed ...
2011-09-07T16:15:21+0530: [Worker(delayed_job host:rajsurabhi-desktop pid:9389)] FetchData failed with TypeError: can't convert nil into String - 3 failed attempts
2011-09-07T16:15:21+0530: [Worker(delayed_job host:rajsurabhi-desktop pid:9389)] 1 jobs processed at 8.5128 j/s, 1 failed ...
2011-09-07T16:15:26+0530: [Worker(delayed_job host:rajsurabhi-desktop pid:9389)] FetchData failed with TypeError: can't convert nil into String - 3 failed attempts
2011-09-07T16:15:26+0530: [Worker(delayed_job host:rajsurabhi-desktop pid:9389)] FetchData failed with TypeError: can't convert nil into String - 3 failed attempts
2011-09-07T16:15:26+0530: [Worker(delayed_job host:rajsurabhi-desktop pid:9389)] FetchData failed with TypeError: can't convert nil into String - 3 failed attempts
2011-09-07T16:15:26+0530: [Worker(delayed_job host:rajsurabhi-desktop pid:9389)] 3 jobs processed at 10.9090 j/s, 3 failed ...
2011-09-07T16:15:30+0530: [Worker(delayed_job host:rajsurabhi-desktop pid:9389)] Exiting...
2011-09-07T16:15:42+0530: [Worker(delayed_job host:rajsurabhi-desktop pid:9405)] Starting job worker
2011-09-07T16:15:44+0530: [Worker(delayed_job host:rajsurabhi-desktop pid:9405)] FetchData failed with NoMethodError: undefined method `result=' for nil:NilClass - 3 failed attempts
2011-09-07T16:15:44+0530: [Worker(delayed_job host:rajsurabhi-desktop pid:9405)] FetchData failed with TypeError: can't convert nil into String - 3 failed attempts
2011-09-07T16:15:44+0530: [Worker(delayed_job host:rajsurabhi-desktop pid:9405)] FetchData failed with TypeError: can't convert nil into String - 3 failed attempts
2011-09-07T16:15:44+0530: [Worker(delayed_job host:rajsurabhi-desktop pid:9405)] FetchData failed with TypeError: can't convert nil into String - 3 failed attempts
2011-09-07T16:15:44+0530: [Worker(delayed_job host:rajsurabhi-desktop pid:9405)] 4 jobs processed at 2.2447 j/s, 4 failed ...
2011-09-07T16:16:28+0530: [Worker(delayed_job host:rajsurabhi-desktop pid:9405)] Exiting...
2011-09-07T16:16:55+0530: [Worker(delayed_job host:rajsurabhi-desktop pid:9412)] Starting job worker
2011-09-07T16:17:36+0530: [Worker(delayed_job host:rajsurabhi-desktop pid:9412)] FetchData failed with NoMethodError: undefined method `result=' for nil:NilClass - 0 failed attempts
2011-09-07T16:17:36+0530: [Worker(delayed_job host:rajsurabhi-desktop pid:9412)] 1 jobs processed at 0.6862 j/s, 1 failed ...
2011-09-07T16:17:41+0530: [Worker(delayed_job host:rajsurabhi-desktop pid:9412)] FetchData failed with TypeError: can't convert nil into String - 0 failed attempts
2011-09-07T16:17:42+0530: [Worker(delayed_job host:rajsurabhi-desktop pid:9412)] FetchData failed with TypeError: can't convert nil into String - 0 failed attempts
2011-09-07T16:17:42+0530: [Worker(delayed_job host:rajsurabhi-desktop pid:9412)] FetchData failed with TypeError: can't convert nil into String - 1 failed attempts
2011-09-07T16:17:42+0530: [Worker(delayed_job host:rajsurabhi-desktop pid:9412)] 3 jobs processed at 12.5459 j/s, 3 failed ...
2011-09-07T16:17:47+0530: [Worker(delayed_job host:rajsurabhi-desktop pid:9412)] FetchData failed with TypeError: can't convert nil into String - 0 failed attempts
2011-09-07T16:17:47+0530: [Worker(delayed_job host:rajsurabhi-desktop pid:9412)] FetchData failed with TypeError: can't convert nil into String - 0 failed attempts
2011-09-07T16:17:47+0530: [Worker(delayed_job host:rajsurabhi-desktop pid:9412)] FetchData failed with TypeError: can't convert nil into String - 1 failed attempts
2011-09-07T16:17:47+0530: [Worker(delayed_job host:rajsurabhi-desktop pid:9412)] 3 jobs processed at 12.0518 j/s, 3 failed ...
2011-09-07T16:17:52+0530: [Worker(delayed_job host:rajsurabhi-desktop pid:9412)] FetchData failed with TypeError: can't convert nil into String - 0 failed attempts
2011-09-07T16:17:52+0530: [Worker(delayed_job host:rajsurabhi-desktop pid:9412)] FetchData failed with TypeError: can't convert nil into String - 1 failed attempts
2011-09-07T16:17:52+0530: [Worker(delayed_job host:rajsurabhi-desktop pid:9412)] FetchData failed with TypeError: can't convert nil into String - 0 failed attempts
2011-09-07T16:17:52+0530: [Worker(delayed_job host:rajsurabhi-desktop pid:9412)] 3 jobs processed at 10.7161 j/s, 3 failed ...
2011-09-07T16:17:57+0530: [Worker(delayed_job host:rajsurabhi-desktop pid:9412)] FetchData failed with TypeError: can't convert nil into String - 1 failed attempts
2011-09-07T16:17:57+0530: [Worker(delayed_job host:rajsurabhi-desktop pid:9412)] FetchData failed with TypeError: can't convert nil into String - 1 failed attempts
2011-09-07T16:17:57+0530: [Worker(delayed_job host:rajsurabhi-desktop pid:9412)] FetchData failed with TypeError: can't convert nil into String - 0 failed attempts
2011-09-07T16:17:58+0530: [Worker(delayed_job host:rajsurabhi-desktop pid:9412)] FetchData failed with TypeError: can't convert nil into String - 0 failed attempts
2011-09-07T16:17:58+0530: [Worker(delayed_job host:rajsurabhi-desktop pid:9412)] FetchData failed with TypeError: can't convert nil into String - 1 failed attempts
2011-09-07T16:17:58+0530: [Worker(delayed_job host:rajsurabhi-desktop pid:9412)] FetchData failed with TypeError: can't convert nil into String - 1 failed attempts
2011-09-07T16:17:58+0530: [Worker(delayed_job host:rajsurabhi-desktop pid:9412)] 6 jobs processed at 11.2463 j/s, 6 failed ...
2011-09-07T16:18:03+0530: [Worker(delayed_job host:rajsurabhi-desktop pid:9412)] FetchData failed with TypeError: can't convert nil into String - 0 failed attempts
2011-09-07T16:18:03+0530: [Worker(delayed_job host:rajsurabhi-desktop pid:9412)] FetchData failed with TypeError: can't convert nil into String - 0 failed attempts
2011-09-07T16:18:03+0530: [Worker(delayed_job host:rajsurabhi-desktop pid:9412)] FetchData failed with TypeError: can't convert nil into String - 2 failed attempts
2011-09-07T16:18:03+0530: [Worker(delayed_job host:rajsurabhi-desktop pid:9412)] FetchData failed with TypeError: can't convert nil into String - 1 failed attempts
2011-09-07T16:18:03+0530: [Worker(delayed_job host:rajsurabhi-desktop pid:9412)] 4 jobs processed at 12.7154 j/s, 4 failed ...
2011-09-07T16:18:08+0530: [Worker(delayed_job host:rajsurabhi-desktop pid:9412)] FetchData failed with TypeError: can't convert nil into String - 0 failed attempts
2011-09-07T16:18:08+0530: [Worker(delayed_job host:rajsurabhi-desktop pid:9412)] FetchData failed with TypeError: can't convert nil into String - 1 failed attempts
2011-09-07T16:18:08+0530: [Worker(delayed_job host:rajsurabhi-desktop pid:9412)] FetchData failed with TypeError: can't convert nil into String - 2 failed attempts
2011-09-07T16:18:08+0530: [Worker(delayed_job host:rajsurabhi-desktop pid:9412)] 3 jobs processed at 10.0871 j/s, 3 failed ...
2011-09-07T16:18:13+0530: [Worker(delayed_job host:rajsurabhi-desktop pid:9412)] FetchData failed with TypeError: can't convert nil into String - 1 failed attempts
2011-09-07T16:18:14+0530: [Worker(delayed_job host:rajsurabhi-desktop pid:9412)] FetchData failed with TypeError: can't convert nil into String - 1 failed attempts
2011-09-07T16:18:14+0530: [Worker(delayed_job host:rajsurabhi-desktop pid:9412)] FetchData failed with TypeError: can't convert nil into String - 2 failed attempts
2011-09-07T16:18:14+0530: [Worker(delayed_job host:rajsurabhi-desktop pid:9412)] FetchData failed with TypeError: can't convert nil into String - 1 failed attempts
2011-09-07T16:18:14+0530: [Worker(delayed_job host:rajsurabhi-desktop pid:9412)] 4 jobs processed at 9.2085 j/s, 4 failed ...
2011-09-07T16:18:19+0530: [Worker(delayed_job host:rajsurabhi-desktop pid:9412)] FetchData failed with TypeError: can't convert nil into String - 2 failed attempts
2011-09-07T16:18:19+0530: [Worker(delayed_job host:rajsurabhi-desktop pid:9412)] FetchData failed with TypeError: can't convert nil into String - 2 failed attempts
2011-09-07T16:18:19+0530: [Worker(delayed_job host:rajsurabhi-desktop pid:9412)] FetchData failed with TypeError: can't convert nil into String - 2 failed attempts
2011-09-07T16:18:19+0530: [Worker(delayed_job host:rajsurabhi-desktop pid:9412)] FetchData failed with TypeError: can't convert nil into String - 2 failed attempts
2011-09-07T16:18:19+0530: [Worker(delayed_job host:rajsurabhi-desktop pid:9412)] 4 jobs processed at 10.3313 j/s, 4 failed ...
2011-09-07T16:18:24+0530: [Worker(delayed_job host:rajsurabhi-desktop pid:9412)] FetchData failed with TypeError: can't convert nil into String - 2 failed attempts
2011-09-07T16:18:24+0530: [Worker(delayed_job host:rajsurabhi-desktop pid:9412)] 1 jobs processed at 10.7591 j/s, 1 failed ...
2011-09-07T16:18:29+0530: [Worker(delayed_job host:rajsurabhi-desktop pid:9412)] FetchData failed with TypeError: can't convert nil into String - 2 failed attempts
2011-09-07T16:18:29+0530: [Worker(delayed_job host:rajsurabhi-desktop pid:9412)] 1 jobs processed at 13.8278 j/s, 1 failed ...
2011-09-07T16:18:34+0530: [Worker(delayed_job host:rajsurabhi-desktop pid:9412)] FetchData failed with TypeError: can't convert nil into String - 2 failed attempts
2011-09-07T16:18:34+0530: [Worker(delayed_job host:rajsurabhi-desktop pid:9412)] 1 jobs processed at 10.6233 j/s, 1 failed ...
2011-09-07T16:18:40+0530: [Worker(delayed_job host:rajsurabhi-desktop pid:9412)] FetchData failed with TypeError: can't convert nil into String - 2 failed attempts
2011-09-07T16:18:40+0530: [Worker(delayed_job host:rajsurabhi-desktop pid:9412)] FetchData failed with TypeError: can't convert nil into String - 2 failed attempts
2011-09-07T16:18:40+0530: [Worker(delayed_job host:rajsurabhi-desktop pid:9412)] 2 jobs processed at 10.4957 j/s, 2 failed ...
2011-09-07T16:19:30+0530: [Worker(delayed_job host:rajsurabhi-desktop pid:9412)] FetchData failed with TypeError: can't convert nil into String - 3 failed attempts
2011-09-07T16:19:30+0530: [Worker(delayed_job host:rajsurabhi-desktop pid:9412)] 1 jobs processed at 8.5334 j/s, 1 failed ...
2011-09-07T16:19:35+0530: [Worker(delayed_job host:rajsurabhi-desktop pid:9412)] FetchData failed with TypeError: can't convert nil into String - 3 failed attempts
2011-09-07T16:19:35+0530: [Worker(delayed_job host:rajsurabhi-desktop pid:9412)] 1 jobs processed at 10.7268 j/s, 1 failed ...
2011-09-07T16:19:39+0530: [Worker(delayed_job host:rajsurabhi-desktop pid:9412)] Exiting...
2011-09-07T16:19:43+0530: [Worker(delayed_job host:rajsurabhi-desktop pid:9436)] Starting job worker
2011-09-07T16:19:45+0530: [Worker(delayed_job host:rajsurabhi-desktop pid:9436)] FetchData failed with NoMethodError: undefined method `result=' for nil:NilClass - 3 failed attempts
2011-09-07T16:19:45+0530: [Worker(delayed_job host:rajsurabhi-desktop pid:9436)] FetchData failed with TypeError: can't convert nil into String - 3 failed attempts
2011-09-07T16:19:45+0530: [Worker(delayed_job host:rajsurabhi-desktop pid:9436)] FetchData failed with TypeError: can't convert nil into String - 3 failed attempts
2011-09-07T16:19:45+0530: [Worker(delayed_job host:rajsurabhi-desktop pid:9436)] FetchData failed with TypeError: can't convert nil into String - 3 failed attempts
2011-09-07T16:19:45+0530: [Worker(delayed_job host:rajsurabhi-desktop pid:9436)] FetchData failed with TypeError: can't convert nil into String - 3 failed attempts
2011-09-07T16:19:45+0530: [Worker(delayed_job host:rajsurabhi-desktop pid:9436)] 5 jobs processed at 2.6943 j/s, 5 failed ...
2011-09-07T16:19:50+0530: [Worker(delayed_job host:rajsurabhi-desktop pid:9436)] FetchData failed with TypeError: can't convert nil into String - 3 failed attempts
2011-09-07T16:19:50+0530: [Worker(delayed_job host:rajsurabhi-desktop pid:9436)] 1 jobs processed at 10.1221 j/s, 1 failed ...
2011-09-07T16:19:55+0530: [Worker(delayed_job host:rajsurabhi-desktop pid:9436)] FetchData failed with TypeError: can't convert nil into String - 3 failed attempts
2011-09-07T16:19:55+0530: [Worker(delayed_job host:rajsurabhi-desktop pid:9436)] 1 jobs processed at 10.1895 j/s, 1 failed ...
2011-09-07T16:20:00+0530: [Worker(delayed_job host:rajsurabhi-desktop pid:9436)] FetchData failed with TypeError: can't convert nil into String - 3 failed attempts
2011-09-07T16:20:00+0530: [Worker(delayed_job host:rajsurabhi-desktop pid:9436)] 1 jobs processed at 9.4072 j/s, 1 failed ...
2011-09-07T16:20:10+0530: [Worker(delayed_job host:rajsurabhi-desktop pid:9436)] FetchData failed with TypeError: can't convert nil into String - 3 failed attempts
2011-09-07T16:20:11+0530: [Worker(delayed_job host:rajsurabhi-desktop pid:9436)] FetchData failed with TypeError: can't convert nil into String - 3 failed attempts
2011-09-07T16:20:11+0530: [Worker(delayed_job host:rajsurabhi-desktop pid:9436)] 2 jobs processed at 10.5815 j/s, 2 failed ...
2011-09-07T16:21:03+0530: [Worker(delayed_job host:rajsurabhi-desktop pid:9436)] Exiting...
2011-09-07T16:22:49+0530: [Worker(delayed_job host:rajsurabhi-desktop pid:9480)] Starting job worker
2011-09-07T16:23:06+0530: [Worker(delayed_job host:rajsurabhi-desktop pid:9480)] FetchData failed with ActiveRecord::StatementInvalid: Mysql::Error: You have an error in your SQL syntax; check the manual that corresponds to your MySQL server version for the right syntax to use near '=>'--- !ruby/object:Digest::SHA1 {}\n\n') AND (`images`.`qid` = '--- :first\n') ' at line 1: SELECT * FROM `images` WHERE (qid=>'--- !ruby/object:Digest::SHA1 {}\n\n') AND (`images`.`qid` = '--- :first\n')  LIMIT 1 - 0 failed attempts
2011-09-07T16:23:06+0530: [Worker(delayed_job host:rajsurabhi-desktop pid:9480)] FetchData failed with TypeError: can't convert nil into String - 0 failed attempts
2011-09-07T16:23:06+0530: [Worker(delayed_job host:rajsurabhi-desktop pid:9480)] 2 jobs processed at 1.3105 j/s, 2 failed ...
2011-09-07T16:23:11+0530: [Worker(delayed_job host:rajsurabhi-desktop pid:9480)] FetchData failed with TypeError: can't convert nil into String - 0 failed attempts
2011-09-07T16:23:11+0530: [Worker(delayed_job host:rajsurabhi-desktop pid:9480)] FetchData failed with TypeError: can't convert nil into String - 0 failed attempts
2011-09-07T16:23:11+0530: [Worker(delayed_job host:rajsurabhi-desktop pid:9480)] 2 jobs processed at 13.9763 j/s, 2 failed ...
2011-09-07T16:23:16+0530: [Worker(delayed_job host:rajsurabhi-desktop pid:9480)] FetchData failed with TypeError: can't convert nil into String - 1 failed attempts
2011-09-07T16:23:16+0530: [Worker(delayed_job host:rajsurabhi-desktop pid:9480)] FetchData failed with TypeError: can't convert nil into String - 1 failed attempts
2011-09-07T16:23:16+0530: [Worker(delayed_job host:rajsurabhi-desktop pid:9480)] FetchData failed with TypeError: can't convert nil into String - 0 failed attempts
2011-09-07T16:23:16+0530: [Worker(delayed_job host:rajsurabhi-desktop pid:9480)] FetchData failed with TypeError: can't convert nil into String - 0 failed attempts
2011-09-07T16:23:16+0530: [Worker(delayed_job host:rajsurabhi-desktop pid:9480)] 4 jobs processed at 11.1605 j/s, 4 failed ...
2011-09-07T16:23:21+0530: [Worker(delayed_job host:rajsurabhi-desktop pid:9480)] FetchData failed with TypeError: can't convert nil into String - 1 failed attempts
2011-09-07T16:23:21+0530: [Worker(delayed_job host:rajsurabhi-desktop pid:9480)] FetchData failed with TypeError: can't convert nil into String - 1 failed attempts
2011-09-07T16:23:21+0530: [Worker(delayed_job host:rajsurabhi-desktop pid:9480)] FetchData failed with TypeError: can't convert nil into String - 0 failed attempts
2011-09-07T16:23:22+0530: [Worker(delayed_job host:rajsurabhi-desktop pid:9480)] FetchData failed with TypeError: can't convert nil into String - 0 failed attempts
2011-09-07T16:23:22+0530: [Worker(delayed_job host:rajsurabhi-desktop pid:9480)] FetchData failed with TypeError: can't convert nil into String - 1 failed attempts
2011-09-07T16:23:22+0530: [Worker(delayed_job host:rajsurabhi-desktop pid:9480)] FetchData failed with TypeError: can't convert nil into String - 1 failed attempts
2011-09-07T16:23:22+0530: [Worker(delayed_job host:rajsurabhi-desktop pid:9480)] 6 jobs processed at 10.2521 j/s, 6 failed ...
2011-09-07T16:23:27+0530: [Worker(delayed_job host:rajsurabhi-desktop pid:9480)] FetchData failed with TypeError: can't convert nil into String - 0 failed attempts
2011-09-07T16:23:27+0530: [Worker(delayed_job host:rajsurabhi-desktop pid:9480)] FetchData failed with TypeError: can't convert nil into String - 0 failed attempts
2011-09-07T16:23:27+0530: [Worker(delayed_job host:rajsurabhi-desktop pid:9480)] FetchData failed with TypeError: can't convert nil into String - 1 failed attempts
2011-09-07T16:23:27+0530: [Worker(delayed_job host:rajsurabhi-desktop pid:9480)] 3 jobs processed at 12.0434 j/s, 3 failed ...
2011-09-07T16:23:32+0530: [Worker(delayed_job host:rajsurabhi-desktop pid:9480)] FetchData failed with TypeError: can't convert nil into String - 1 failed attempts
2011-09-07T16:23:32+0530: [Worker(delayed_job host:rajsurabhi-desktop pid:9480)] FetchData failed with TypeError: can't convert nil into String - 0 failed attempts
2011-09-07T16:23:32+0530: [Worker(delayed_job host:rajsurabhi-desktop pid:9480)] FetchData failed with TypeError: can't convert nil into String - 0 failed attempts
2011-09-07T16:23:32+0530: [Worker(delayed_job host:rajsurabhi-desktop pid:9480)] 3 jobs processed at 11.0131 j/s, 3 failed ...
2011-09-07T16:23:37+0530: [Worker(delayed_job host:rajsurabhi-desktop pid:9480)] FetchData failed with TypeError: can't convert nil into String - 1 failed attempts
2011-09-07T16:23:38+0530: [Worker(delayed_job host:rajsurabhi-desktop pid:9480)] FetchData failed with TypeError: can't convert nil into String - 1 failed attempts
2011-09-07T16:23:38+0530: [Worker(delayed_job host:rajsurabhi-desktop pid:9480)] FetchData failed with TypeError: can't convert nil into String - 2 failed attempts
2011-09-07T16:23:38+0530: [Worker(delayed_job host:rajsurabhi-desktop pid:9480)] FetchData failed with TypeError: can't convert nil into String - 2 failed attempts
2011-09-07T16:23:38+0530: [Worker(delayed_job host:rajsurabhi-desktop pid:9480)] FetchData failed with TypeError: can't convert nil into String - 1 failed attempts
2011-09-07T16:23:38+0530: [Worker(delayed_job host:rajsurabhi-desktop pid:9480)] FetchData failed with TypeError: can't convert nil into String - 1 failed attempts
2011-09-07T16:23:38+0530: [Worker(delayed_job host:rajsurabhi-desktop pid:9480)] 6 jobs processed at 10.4494 j/s, 6 failed ...
2011-09-07T16:23:43+0530: [Worker(delayed_job host:rajsurabhi-desktop pid:9480)] FetchData failed with TypeError: can't convert nil into String - 2 failed attempts
2011-09-07T16:23:43+0530: [Worker(delayed_job host:rajsurabhi-desktop pid:9480)] FetchData failed with TypeError: can't convert nil into String - 2 failed attempts
2011-09-07T16:23:43+0530: [Worker(delayed_job host:rajsurabhi-desktop pid:9480)] FetchData failed with TypeError: can't convert nil into String - 2 failed attempts
2011-09-07T16:23:43+0530: [Worker(delayed_job host:rajsurabhi-desktop pid:9480)] FetchData failed with TypeError: can't convert nil into String - 2 failed attempts
2011-09-07T16:23:43+0530: [Worker(delayed_job host:rajsurabhi-desktop pid:9480)] 4 jobs processed at 10.4747 j/s, 4 failed ...
2011-09-07T16:23:48+0530: [Worker(delayed_job host:rajsurabhi-desktop pid:9480)] FetchData failed with TypeError: can't convert nil into String - 2 failed attempts
2011-09-07T16:23:48+0530: [Worker(delayed_job host:rajsurabhi-desktop pid:9480)] 1 jobs processed at 9.9208 j/s, 1 failed ...
2011-09-07T16:23:54+0530: [Worker(delayed_job host:rajsurabhi-desktop pid:9480)] FetchData failed with TypeError: can't convert nil into String - 2 failed attempts
2011-09-07T16:23:54+0530: [Worker(delayed_job host:rajsurabhi-desktop pid:9480)] 1 jobs processed at 6.3156 j/s, 1 failed ...
2011-09-07T16:23:59+0530: [Worker(delayed_job host:rajsurabhi-desktop pid:9480)] FetchData failed with TypeError: can't convert nil into String - 2 failed attempts
2011-09-07T16:23:59+0530: [Worker(delayed_job host:rajsurabhi-desktop pid:9480)] FetchData failed with TypeError: can't convert nil into String - 2 failed attempts
2011-09-07T16:23:59+0530: [Worker(delayed_job host:rajsurabhi-desktop pid:9480)] FetchData failed with TypeError: can't convert nil into String - 2 failed attempts
2011-09-07T16:23:59+0530: [Worker(delayed_job host:rajsurabhi-desktop pid:9480)] FetchData failed with TypeError: can't convert nil into String - 2 failed attempts
2011-09-07T16:23:59+0530: [Worker(delayed_job host:rajsurabhi-desktop pid:9480)] 4 jobs processed at 9.8771 j/s, 4 failed ...
2011-09-07T16:24:01+0530: [Worker(delayed_job host:rajsurabhi-desktop pid:9480)] Exiting...
2011-09-07T16:24:55+0530: [Worker(delayed_job host:rajsurabhi-desktop pid:9511)] Starting job worker
2011-09-07T16:24:56+0530: [Worker(delayed_job host:rajsurabhi-desktop pid:9511)] FetchData failed with ActiveRecord::StatementInvalid: Mysql::Error: You have an error in your SQL syntax; check the manual that corresponds to your MySQL server version for the right syntax to use near '=>'--- !ruby/object:Digest::SHA1 {}\n\n') AND (`images`.`qid` = '--- :first\n') ' at line 1: SELECT * FROM `images` WHERE (qid=>'--- !ruby/object:Digest::SHA1 {}\n\n') AND (`images`.`qid` = '--- :first\n')  LIMIT 1 - 0 failed attempts
2011-09-07T16:24:57+0530: [Worker(delayed_job host:rajsurabhi-desktop pid:9511)] 1 jobs processed at 0.6690 j/s, 1 failed ...
2011-09-07T16:25:02+0530: [Worker(delayed_job host:rajsurabhi-desktop pid:9511)] FetchData failed with TypeError: can't convert nil into String - 1 failed attempts
2011-09-07T16:25:02+0530: [Worker(delayed_job host:rajsurabhi-desktop pid:9511)] 1 jobs processed at 9.4949 j/s, 1 failed ...
2011-09-07T16:25:27+0530: [Worker(delayed_job host:rajsurabhi-desktop pid:9511)] FetchData failed with TypeError: can't convert nil into String - 2 failed attempts
2011-09-07T16:25:27+0530: [Worker(delayed_job host:rajsurabhi-desktop pid:9511)] 1 jobs processed at 10.4698 j/s, 1 failed ...
2011-09-07T16:25:51+0530: [Worker(delayed_job host:rajsurabhi-desktop pid:9511)] Exiting...
2011-09-07T16:25:55+0530: [Worker(delayed_job host:rajsurabhi-desktop pid:9524)] Starting job worker
2011-09-07T16:26:56+0530: [Worker(delayed_job host:rajsurabhi-desktop pid:9524)] FetchData failed with ActiveRecord::StatementInvalid: Mysql::Error: You have an error in your SQL syntax; check the manual that corresponds to your MySQL server version for the right syntax to use near '=>'--- !ruby/object:Digest::SHA1 {}\n\n')  LIMIT 1' at line 1: SELECT * FROM `images` WHERE (qid=>'--- !ruby/object:Digest::SHA1 {}\n\n')  LIMIT 1 - 3 failed attempts
2011-09-07T16:26:56+0530: [Worker(delayed_job host:rajsurabhi-desktop pid:9524)] 1 jobs processed at 0.7073 j/s, 1 failed ...
2011-09-07T16:28:10+0530: [Worker(delayed_job host:rajsurabhi-desktop pid:9524)] Exiting...
2011-09-07T16:28:14+0530: [Worker(delayed_job host:rajsurabhi-desktop pid:9573)] Starting job worker
2011-09-07T16:29:07+0530: [Worker(delayed_job host:rajsurabhi-desktop pid:9573)] Exiting...
2011-09-07T16:29:14+0530: [Worker(delayed_job host:rajsurabhi-desktop pid:9579)] Starting job worker
2011-09-07T16:29:29+0530: [Worker(delayed_job host:rajsurabhi-desktop pid:9579)] FetchData failed with NoMethodError: undefined method `result=' for nil:NilClass - 0 failed attempts
2011-09-07T16:29:29+0530: [Worker(delayed_job host:rajsurabhi-desktop pid:9579)] 1 jobs processed at 0.2038 j/s, 1 failed ...
2011-09-07T16:29:39+0530: [Worker(delayed_job host:rajsurabhi-desktop pid:9579)] FetchData failed with TypeError: can't convert nil into String - 1 failed attempts
2011-09-07T16:29:39+0530: [Worker(delayed_job host:rajsurabhi-desktop pid:9579)] 1 jobs processed at 5.8476 j/s, 1 failed ...
2011-09-07T16:30:04+0530: [Worker(delayed_job host:rajsurabhi-desktop pid:9579)] FetchData failed with TypeError: can't convert nil into String - 2 failed attempts
2011-09-07T16:30:04+0530: [Worker(delayed_job host:rajsurabhi-desktop pid:9579)] 1 jobs processed at 9.8164 j/s, 1 failed ...
2011-09-07T16:31:01+0530: [Worker(delayed_job host:rajsurabhi-desktop pid:9579)] Exiting...
2011-09-07T16:31:09+0530: [Worker(delayed_job host:rajsurabhi-desktop pid:9601)] Starting job worker
2011-09-07T16:31:31+0530: [Worker(delayed_job host:rajsurabhi-desktop pid:9601)] FetchData failed with NoMethodError: undefined method `result=' for nil:NilClass - 3 failed attempts
2011-09-07T16:31:31+0530: [Worker(delayed_job host:rajsurabhi-desktop pid:9601)] 1 jobs processed at 0.7081 j/s, 1 failed ...
2011-09-07T16:31:41+0530: [Worker(delayed_job host:rajsurabhi-desktop pid:9601)] FetchData failed with TypeError: can't convert nil into String - 0 failed attempts
2011-09-07T16:31:41+0530: [Worker(delayed_job host:rajsurabhi-desktop pid:9601)] 1 jobs processed at 9.8850 j/s, 1 failed ...
2011-09-07T16:31:51+0530: [Worker(delayed_job host:rajsurabhi-desktop pid:9601)] FetchData failed with TypeError: can't convert nil into String - 1 failed attempts
2011-09-07T16:31:51+0530: [Worker(delayed_job host:rajsurabhi-desktop pid:9601)] 1 jobs processed at 4.8966 j/s, 1 failed ...
2011-09-07T16:32:16+0530: [Worker(delayed_job host:rajsurabhi-desktop pid:9601)] FetchData failed with TypeError: can't convert nil into String - 2 failed attempts
2011-09-07T16:32:16+0530: [Worker(delayed_job host:rajsurabhi-desktop pid:9601)] 1 jobs processed at 9.8177 j/s, 1 failed ...
2011-09-07T16:33:42+0530: [Worker(delayed_job host:rajsurabhi-desktop pid:9601)] FetchData failed with TypeError: can't convert nil into String - 3 failed attempts
2011-09-07T16:33:42+0530: [Worker(delayed_job host:rajsurabhi-desktop pid:9601)] 1 jobs processed at 9.8875 j/s, 1 failed ...
2011-09-07T16:35:52+0530: [Worker(delayed_job host:rajsurabhi-desktop pid:9601)] FetchData failed with TypeError: can't convert nil into String - 4 failed attempts
2011-09-07T16:35:52+0530: [Worker(delayed_job host:rajsurabhi-desktop pid:9601)] 1 jobs processed at 13.5322 j/s, 1 failed ...
2011-09-07T16:36:05+0530: [Worker(delayed_job host:rajsurabhi-desktop pid:9601)] Exiting...
2011-09-07T16:36:37+0530: [Worker(delayed_job host:rajsurabhi-desktop pid:9666)] Starting job worker
2011-09-07T16:36:49+0530: [Worker(delayed_job host:rajsurabhi-desktop pid:9666)] FetchData completed after 1.3731
2011-09-07T16:36:49+0530: [Worker(delayed_job host:rajsurabhi-desktop pid:9666)] 1 jobs processed at 0.7106 j/s, 0 failed ...
2011-09-07T16:41:06+0530: [Worker(delayed_job host:rajsurabhi-desktop pid:9666)] FetchData completed after 1.2664
2011-09-07T16:41:08+0530: [Worker(delayed_job host:rajsurabhi-desktop pid:9666)] FetchData completed after 2.2675
2011-09-07T16:41:09+0530: [Worker(delayed_job host:rajsurabhi-desktop pid:9666)] FetchData completed after 1.0550
2011-09-07T16:41:10+0530: [Worker(delayed_job host:rajsurabhi-desktop pid:9666)] FetchData completed after 0.9942
2011-09-07T16:41:10+0530: [Worker(delayed_job host:rajsurabhi-desktop pid:9666)] 4 jobs processed at 0.6929 j/s, 0 failed ...
2011-09-07T16:41:17+0530: [Worker(delayed_job host:rajsurabhi-desktop pid:9666)] FetchData completed after 1.5248
2011-09-07T16:41:18+0530: [Worker(delayed_job host:rajsurabhi-desktop pid:9666)] FetchData completed after 1.0378
2011-09-07T16:41:19+0530: [Worker(delayed_job host:rajsurabhi-desktop pid:9666)] FetchData completed after 0.9906
2011-09-07T16:41:19+0530: [Worker(delayed_job host:rajsurabhi-desktop pid:9666)] 3 jobs processed at 0.8155 j/s, 0 failed ...
2011-09-07T16:41:25+0530: [Worker(delayed_job host:rajsurabhi-desktop pid:9666)] FetchData completed after 1.0235
2011-09-07T16:41:26+0530: [Worker(delayed_job host:rajsurabhi-desktop pid:9666)] FetchData completed after 1.0341
2011-09-07T16:41:28+0530: [Worker(delayed_job host:rajsurabhi-desktop pid:9666)] FetchData completed after 1.6910
2011-09-07T16:41:28+0530: [Worker(delayed_job host:rajsurabhi-desktop pid:9666)] 3 jobs processed at 0.7750 j/s, 0 failed ...
2011-09-07T16:41:34+0530: [Worker(delayed_job host:rajsurabhi-desktop pid:9666)] FetchData completed after 1.0562
2011-09-07T16:41:35+0530: [Worker(delayed_job host:rajsurabhi-desktop pid:9666)] FetchData completed after 1.0488
2011-09-07T16:41:35+0530: [Worker(delayed_job host:rajsurabhi-desktop pid:9666)] 2 jobs processed at 0.9176 j/s, 0 failed ...
2011-09-07T17:18:09+0530: [Worker(delayed_job host:rajsurabhi-desktop pid:9666)] FetchData completed after 0.9907
2011-09-07T17:18:10+0530: [Worker(delayed_job host:rajsurabhi-desktop pid:9666)] FetchData completed after 0.9926
2011-09-07T17:18:11+0530: [Worker(delayed_job host:rajsurabhi-desktop pid:9666)] FetchData completed after 1.0161
2011-09-07T17:18:11+0530: [Worker(delayed_job host:rajsurabhi-desktop pid:9666)] 3 jobs processed at 0.9526 j/s, 0 failed ...
2011-09-07T17:18:17+0530: [Worker(delayed_job host:rajsurabhi-desktop pid:9666)] FetchData completed after 1.0976
2011-09-07T17:18:18+0530: [Worker(delayed_job host:rajsurabhi-desktop pid:9666)] FetchData completed after 1.0404
2011-09-07T17:18:19+0530: [Worker(delayed_job host:rajsurabhi-desktop pid:9666)] FetchData completed after 1.0596
2011-09-07T17:18:20+0530: [Worker(delayed_job host:rajsurabhi-desktop pid:9666)] FetchData completed after 1.0048
2011-09-07T17:18:20+0530: [Worker(delayed_job host:rajsurabhi-desktop pid:9666)] 4 jobs processed at 0.9166 j/s, 0 failed ...
2011-09-07T17:18:26+0530: [Worker(delayed_job host:rajsurabhi-desktop pid:9666)] FetchData completed after 0.9995
2011-09-07T17:18:28+0530: [Worker(delayed_job host:rajsurabhi-desktop pid:9666)] FetchData completed after 1.5899
2011-09-07T17:18:29+0530: [Worker(delayed_job host:rajsurabhi-desktop pid:9666)] FetchData completed after 1.0759
2011-09-07T17:18:31+0530: [Worker(delayed_job host:rajsurabhi-desktop pid:9666)] FetchData completed after 1.8337
2011-09-07T17:18:32+0530: [Worker(delayed_job host:rajsurabhi-desktop pid:9666)] FetchData completed after 1.0620
2011-09-07T17:18:32+0530: [Worker(delayed_job host:rajsurabhi-desktop pid:9666)] 5 jobs processed at 0.7358 j/s, 0 failed ...
2011-09-07T17:28:18+0530: [Worker(delayed_job host:rajsurabhi-desktop pid:9666)] Exiting...
2011-09-07T17:28:25+0530: [Worker(delayed_job host:rajsurabhi-desktop pid:10064)] Starting job worker
2011-09-07T17:28:34+0530: [Worker(delayed_job host:rajsurabhi-desktop pid:10064)] FetchData completed after 3.1045
2011-09-07T17:29:21+0530: [Worker(delayed_job host:rajsurabhi-desktop pid:10064)] FetchData completed after 46.8444
2011-09-07T17:29:36+0530: [Worker(delayed_job host:rajsurabhi-desktop pid:10064)] FetchData completed after 14.8836
2011-09-07T17:30:12+0530: [Worker(delayed_job host:rajsurabhi-desktop pid:10064)] FetchData completed after 36.3566
2011-09-07T17:31:15+0530: [Worker(delayed_job host:rajsurabhi-desktop pid:10064)] FetchData failed with RestClient::RequestTimeout: Request Timeout - 0 failed attempts
2011-09-07T17:31:46+0530: [Worker(delayed_job host:rajsurabhi-desktop pid:10064)] FetchData completed after 30.8146
2011-09-07T17:31:59+0530: [Worker(delayed_job host:rajsurabhi-desktop pid:10064)] FetchData completed after 13.1672
2011-09-07T17:32:17+0530: [Worker(delayed_job host:rajsurabhi-desktop pid:10064)] FetchData completed after 17.4673
2011-09-07T17:32:42+0530: [Worker(delayed_job host:rajsurabhi-desktop pid:10064)] FetchData completed after 24.9431
2011-09-07T17:33:13+0530: [Worker(delayed_job host:rajsurabhi-desktop pid:10064)] FetchData completed after 31.1883
2011-09-07T17:33:47+0530: [Worker(delayed_job host:rajsurabhi-desktop pid:10064)] FetchData completed after 33.9866
2011-09-07T17:34:18+0530: [Worker(delayed_job host:rajsurabhi-desktop pid:10064)] FetchData completed after 31.2878
2011-09-07T17:34:39+0530: [Worker(delayed_job host:rajsurabhi-desktop pid:10064)] FetchData completed after 20.8356
2011-09-07T17:34:39+0530: [Worker(delayed_job host:rajsurabhi-desktop pid:10064)] 13 jobs processed at 0.0353 j/s, 1 failed ...
2011-09-08T09:52:37+0530: [Worker(delayed_job host:rajsurabhi-desktop pid:4200)] Starting job worker
2011-09-08T09:53:52+0530: [Worker(delayed_job host:rajsurabhi-desktop pid:4200)] FetchData failed with NameError: undefined local variable or method `file' for #<FetchDataController:0xb67259b4 @real_format=nil> - 0 failed attempts
2011-09-08T09:53:52+0530: [Worker(delayed_job host:rajsurabhi-desktop pid:4200)] FetchData failed with NameError: undefined local variable or method `file' for #<FetchDataController:0xb671f668 @real_format=nil> - 0 failed attempts
2011-09-08T09:53:53+0530: [Worker(delayed_job host:rajsurabhi-desktop pid:4200)] FetchData failed with NameError: undefined local variable or method `file' for #<FetchDataController:0xb67193f8 @real_format=nil> - 0 failed attempts
2011-09-08T09:53:53+0530: [Worker(delayed_job host:rajsurabhi-desktop pid:4200)] 3 jobs processed at 4.3806 j/s, 3 failed ...
2011-09-08T09:53:58+0530: [Worker(delayed_job host:rajsurabhi-desktop pid:4200)] FetchData failed with NameError: undefined local variable or method `file' for #<FetchDataController:0xb670f600 @real_format=nil> - 0 failed attempts
2011-09-08T09:53:58+0530: [Worker(delayed_job host:rajsurabhi-desktop pid:4200)] FetchData failed with NameError: undefined local variable or method `file' for #<FetchDataController:0xb6709188 @real_format=nil> - 0 failed attempts
2011-09-08T09:53:58+0530: [Worker(delayed_job host:rajsurabhi-desktop pid:4200)] FetchData failed with NameError: undefined local variable or method `file' for #<FetchDataController:0xb6702e00 @real_format=nil> - 1 failed attempts
2011-09-08T09:53:58+0530: [Worker(delayed_job host:rajsurabhi-desktop pid:4200)] FetchData failed with NameError: undefined local variable or method `file' for #<FetchDataController:0xb66fcb68 @real_format=nil> - 1 failed attempts
2011-09-08T09:53:58+0530: [Worker(delayed_job host:rajsurabhi-desktop pid:4200)] FetchData failed with NameError: undefined local variable or method `file' for #<FetchDataController:0xb66f68e4 @real_format=nil> - 0 failed attempts
2011-09-08T09:53:58+0530: [Worker(delayed_job host:rajsurabhi-desktop pid:4200)] 5 jobs processed at 9.9090 j/s, 5 failed ...
2011-09-08T09:54:03+0530: [Worker(delayed_job host:rajsurabhi-desktop pid:4200)] FetchData failed with NameError: undefined local variable or method `file' for #<FetchDataController:0xb66ecce0 @real_format=nil> - 1 failed attempts
2011-09-08T09:54:03+0530: [Worker(delayed_job host:rajsurabhi-desktop pid:4200)] FetchData failed with NameError: undefined local variable or method `file' for #<FetchDataController:0xb66e696c @real_format=nil> - 0 failed attempts
2011-09-08T09:54:04+0530: [Worker(delayed_job host:rajsurabhi-desktop pid:4200)] FetchData failed with NameError: undefined local variable or method `file' for #<FetchDataController:0xb66e06fc @real_format=nil> - 0 failed attempts
2011-09-08T09:54:04+0530: [Worker(delayed_job host:rajsurabhi-desktop pid:4200)] FetchData failed with NameError: undefined local variable or method `file' for #<FetchDataController:0xb66da270 @real_format=nil> - 1 failed attempts
2011-09-08T09:54:04+0530: [Worker(delayed_job host:rajsurabhi-desktop pid:4200)] FetchData failed with NameError: undefined local variable or method `file' for #<FetchDataController:0xb66d3ed4 @real_format=nil> - 1 failed attempts
2011-09-08T09:54:04+0530: [Worker(delayed_job host:rajsurabhi-desktop pid:4200)] FetchData failed with NameError: undefined local variable or method `file' for #<FetchDataController:0xb66cdc3c @real_format=nil> - 1 failed attempts
2011-09-08T09:54:04+0530: [Worker(delayed_job host:rajsurabhi-desktop pid:4200)] 6 jobs processed at 9.5205 j/s, 6 failed ...
2011-09-08T09:54:09+0530: [Worker(delayed_job host:rajsurabhi-desktop pid:4200)] FetchData failed with NameError: undefined local variable or method `file' for #<FetchDataController:0xb66c3f34 @real_format=nil> - 0 failed attempts
2011-09-08T09:54:09+0530: [Worker(delayed_job host:rajsurabhi-desktop pid:4200)] FetchData failed with NameError: undefined local variable or method `file' for #<FetchDataController:0xb66bdbc0 @real_format=nil> - 1 failed attempts
2011-09-08T09:54:09+0530: [Worker(delayed_job host:rajsurabhi-desktop pid:4200)] FetchData failed with NameError: undefined local variable or method `file' for #<FetchDataController:0xb66b793c @real_format=nil> - 0 failed attempts
2011-09-08T09:54:09+0530: [Worker(delayed_job host:rajsurabhi-desktop pid:4200)] 3 jobs processed at 12.4721 j/s, 3 failed ...
2011-09-08T09:54:14+0530: [Worker(delayed_job host:rajsurabhi-desktop pid:4200)] FetchData failed with NameError: undefined local variable or method `file' for #<FetchDataController:0xb66adc48 @real_format=nil> - 1 failed attempts
2011-09-08T09:54:14+0530: [Worker(delayed_job host:rajsurabhi-desktop pid:4200)] FetchData failed with NameError: undefined local variable or method `file' for #<FetchDataController:0xb66a78d4 @real_format=nil> - 0 failed attempts
2011-09-08T09:54:14+0530: [Worker(delayed_job host:rajsurabhi-desktop pid:4200)] FetchData failed with NameError: undefined local variable or method `file' for #<FetchDataController:0xb66a1664 @real_format=nil> - 0 failed attempts
2011-09-08T09:54:14+0530: [Worker(delayed_job host:rajsurabhi-desktop pid:4200)] 3 jobs processed at 11.5152 j/s, 3 failed ...
2011-09-08T09:54:19+0530: [Worker(delayed_job host:rajsurabhi-desktop pid:4200)] FetchData failed with NameError: undefined local variable or method `file' for #<FetchDataController:0xb6697844 @real_format=nil> - 1 failed attempts
2011-09-08T09:54:19+0530: [Worker(delayed_job host:rajsurabhi-desktop pid:4200)] FetchData failed with NameError: undefined local variable or method `file' for #<FetchDataController:0xb66913a4 @real_format=nil> - 1 failed attempts
2011-09-08T09:54:20+0530: [Worker(delayed_job host:rajsurabhi-desktop pid:4200)] FetchData failed with NameError: undefined local variable or method `file' for #<FetchDataController:0xb668b008 @real_format=nil> - 2 failed attempts
2011-09-08T09:54:20+0530: [Worker(delayed_job host:rajsurabhi-desktop pid:4200)] FetchData failed with NameError: undefined local variable or method `file' for #<FetchDataController:0xb6684b68 @real_format=nil> - 2 failed attempts
2011-09-08T09:54:20+0530: [Worker(delayed_job host:rajsurabhi-desktop pid:4200)] FetchData failed with NameError: undefined local variable or method `file' for #<FetchDataController:0xb667e7cc @real_format=nil> - 1 failed attempts
2011-09-08T09:54:20+0530: [Worker(delayed_job host:rajsurabhi-desktop pid:4200)] FetchData failed with NameError: undefined local variable or method `file' for #<FetchDataController:0xb6678534 @real_format=nil> - 1 failed attempts
2011-09-08T09:54:20+0530: [Worker(delayed_job host:rajsurabhi-desktop pid:4200)] 6 jobs processed at 11.6067 j/s, 6 failed ...
2011-09-08T09:54:25+0530: [Worker(delayed_job host:rajsurabhi-desktop pid:4200)] FetchData failed with NameError: undefined local variable or method `file' for #<FetchDataController:0xb666e700 @real_format=nil> - 2 failed attempts
2011-09-08T09:54:25+0530: [Worker(delayed_job host:rajsurabhi-desktop pid:4200)] FetchData failed with NameError: undefined local variable or method `file' for #<FetchDataController:0xb6668260 @real_format=nil> - 2 failed attempts
2011-09-08T09:54:25+0530: [Worker(delayed_job host:rajsurabhi-desktop pid:4200)] FetchData failed with NameError: undefined local variable or method `file' for #<FetchDataController:0xb6661ec4 @real_format=nil> - 2 failed attempts
2011-09-08T09:54:25+0530: [Worker(delayed_job host:rajsurabhi-desktop pid:4200)] FetchData failed with NameError: undefined local variable or method `file' for #<FetchDataController:0xb665bc2c @real_format=nil> - 2 failed attempts
2011-09-08T09:54:25+0530: [Worker(delayed_job host:rajsurabhi-desktop pid:4200)] 4 jobs processed at 10.1606 j/s, 4 failed ...
2011-09-08T09:54:30+0530: [Worker(delayed_job host:rajsurabhi-desktop pid:4200)] FetchData failed with NameError: undefined local variable or method `file' for #<FetchDataController:0xb6652104 @real_format=nil> - 2 failed attempts
2011-09-08T09:54:30+0530: [Worker(delayed_job host:rajsurabhi-desktop pid:4200)] 1 jobs processed at 9.2443 j/s, 1 failed ...
2011-09-08T09:54:35+0530: [Worker(delayed_job host:rajsurabhi-desktop pid:4200)] FetchData failed with NameError: undefined local variable or method `file' for #<FetchDataController:0xb66485dc @real_format=nil> - 2 failed attempts
2011-09-08T09:54:35+0530: [Worker(delayed_job host:rajsurabhi-desktop pid:4200)] 1 jobs processed at 13.1918 j/s, 1 failed ...
2011-09-08T09:54:40+0530: [Worker(delayed_job host:rajsurabhi-desktop pid:4200)] FetchData failed with NameError: undefined local variable or method `file' for #<FetchDataController:0xb663e9b0 @real_format=nil> - 2 failed attempts
2011-09-08T09:54:41+0530: [Worker(delayed_job host:rajsurabhi-desktop pid:4200)] FetchData failed with NameError: undefined local variable or method `file' for #<FetchDataController:0xb6638510 @real_format=nil> - 2 failed attempts
2011-09-08T09:54:41+0530: [Worker(delayed_job host:rajsurabhi-desktop pid:4200)] FetchData failed with NameError: undefined local variable or method `file' for #<FetchDataController:0xb6632174 @real_format=nil> - 2 failed attempts
2011-09-08T09:54:41+0530: [Worker(delayed_job host:rajsurabhi-desktop pid:4200)] FetchData failed with NameError: undefined local variable or method `file' for #<FetchDataController:0xb662bedc @real_format=nil> - 2 failed attempts
2011-09-08T09:54:41+0530: [Worker(delayed_job host:rajsurabhi-desktop pid:4200)] 4 jobs processed at 10.0160 j/s, 4 failed ...
2011-09-08T09:55:35+0530: [Worker(delayed_job host:rajsurabhi-desktop pid:4200)] Exiting...
2011-09-08T09:55:39+0530: [Worker(delayed_job host:rajsurabhi-desktop pid:4365)] Starting job worker
2011-09-08T09:55:51+0530: [Worker(delayed_job host:rajsurabhi-desktop pid:4365)] FetchData completed after 1.3704
2011-09-08T09:55:51+0530: [Worker(delayed_job host:rajsurabhi-desktop pid:4365)] FetchData completed after 0.9554
2011-09-08T09:55:52+0530: [Worker(delayed_job host:rajsurabhi-desktop pid:4365)] FetchData completed after 0.9338
2011-09-08T09:55:53+0530: [Worker(delayed_job host:rajsurabhi-desktop pid:4365)] FetchData completed after 0.9243
2011-09-08T09:55:55+0530: [Worker(delayed_job host:rajsurabhi-desktop pid:4365)] FetchData completed after 1.0875
2011-09-08T09:55:56+0530: [Worker(delayed_job host:rajsurabhi-desktop pid:4365)] FetchData completed after 0.9741
2011-09-08T09:55:57+0530: [Worker(delayed_job host:rajsurabhi-desktop pid:4365)] FetchData completed after 0.9828
2011-09-08T09:55:57+0530: [Worker(delayed_job host:rajsurabhi-desktop pid:4365)] 7 jobs processed at 0.9233 j/s, 0 failed ...
2011-09-08T09:56:03+0530: [Worker(delayed_job host:rajsurabhi-desktop pid:4365)] FetchData completed after 0.9224
2011-09-08T09:56:03+0530: [Worker(delayed_job host:rajsurabhi-desktop pid:4365)] 1 jobs processed at 1.0269 j/s, 0 failed ...
2011-09-08T09:56:09+0530: [Worker(delayed_job host:rajsurabhi-desktop pid:4365)] FetchData completed after 0.9615
2011-09-08T09:56:10+0530: [Worker(delayed_job host:rajsurabhi-desktop pid:4365)] FetchData completed after 0.9321
2011-09-08T09:56:11+0530: [Worker(delayed_job host:rajsurabhi-desktop pid:4365)] FetchData completed after 0.9494
2011-09-08T09:56:12+0530: [Worker(delayed_job host:rajsurabhi-desktop pid:4365)] FetchData completed after 0.9157
2011-09-08T09:56:12+0530: [Worker(delayed_job host:rajsurabhi-desktop pid:4365)] 4 jobs processed at 1.0178 j/s, 0 failed ...
2011-09-08T09:56:43+0530: [Worker(delayed_job host:rajsurabhi-desktop pid:4365)] FetchData completed after 1.1369
2011-09-08T09:56:44+0530: [Worker(delayed_job host:rajsurabhi-desktop pid:4365)] FetchData completed after 1.0052
2011-09-08T09:56:44+0530: [Worker(delayed_job host:rajsurabhi-desktop pid:4365)] 2 jobs processed at 0.8745 j/s, 0 failed ...
2011-09-08T09:56:50+0530: [Worker(delayed_job host:rajsurabhi-desktop pid:4365)] FetchData completed after 0.9143
2011-09-08T09:56:52+0530: [Worker(delayed_job host:rajsurabhi-desktop pid:4365)] FetchData completed after 1.9916
2011-09-08T09:56:53+0530: [Worker(delayed_job host:rajsurabhi-desktop pid:4365)] FetchData completed after 0.9388
2011-09-08T09:56:55+0530: [Worker(delayed_job host:rajsurabhi-desktop pid:4365)] FetchData completed after 1.9497
2011-09-08T09:56:56+0530: [Worker(delayed_job host:rajsurabhi-desktop pid:4365)] FetchData completed after 0.9054
2011-09-08T09:56:56+0530: [Worker(delayed_job host:rajsurabhi-desktop pid:4365)] 5 jobs processed at 0.7207 j/s, 0 failed ...
2011-09-08T09:57:02+0530: [Worker(delayed_job host:rajsurabhi-desktop pid:4365)] FetchData completed after 1.0887
2011-09-08T09:57:03+0530: [Worker(delayed_job host:rajsurabhi-desktop pid:4365)] FetchData completed after 0.9794
2011-09-08T09:57:04+0530: [Worker(delayed_job host:rajsurabhi-desktop pid:4365)] FetchData completed after 0.9493
2011-09-08T09:57:04+0530: [Worker(delayed_job host:rajsurabhi-desktop pid:4365)] 3 jobs processed at 0.9564 j/s, 0 failed ...
2011-09-08T09:57:10+0530: [Worker(delayed_job host:rajsurabhi-desktop pid:4365)] FetchData completed after 0.9818
2011-09-08T09:57:12+0530: [Worker(delayed_job host:rajsurabhi-desktop pid:4365)] FetchData completed after 1.9067
2011-09-08T09:57:12+0530: [Worker(delayed_job host:rajsurabhi-desktop pid:4365)] 2 jobs processed at 0.6724 j/s, 0 failed ...
2011-09-08T10:35:32+0530: [Worker(delayed_job host:rajsurabhi-desktop pid:4365)] Exiting...
2011-09-08T10:35:38+0530: [Worker(delayed_job host:rajsurabhi-desktop pid:4913)] Starting job worker
2011-09-08T10:35:51+0530: [Worker(delayed_job host:rajsurabhi-desktop pid:4913)] FetchData completed after 2.7735
2011-09-08T10:35:54+0530: [Worker(delayed_job host:rajsurabhi-desktop pid:4913)] FetchData completed after 3.3407
2011-09-08T10:36:07+0530: [Worker(delayed_job host:rajsurabhi-desktop pid:4913)] FetchData completed after 12.5365
2011-09-08T10:36:20+0530: [Worker(delayed_job host:rajsurabhi-desktop pid:4913)] FetchData completed after 13.2784
2011-09-08T10:36:35+0530: [Worker(delayed_job host:rajsurabhi-desktop pid:4913)] FetchData completed after 14.1243
2011-09-08T10:36:51+0530: [Worker(delayed_job host:rajsurabhi-desktop pid:4913)] FetchData completed after 16.6587
2011-09-08T10:36:54+0530: [Worker(delayed_job host:rajsurabhi-desktop pid:4913)] FetchData completed after 2.9900
2011-09-08T10:36:58+0530: [Worker(delayed_job host:rajsurabhi-desktop pid:4913)] FetchData completed after 3.3228
2011-09-08T10:37:19+0530: [Worker(delayed_job host:rajsurabhi-desktop pid:4913)] FetchData completed after 21.0820
2011-09-08T10:37:26+0530: [Worker(delayed_job host:rajsurabhi-desktop pid:4913)] FetchData completed after 7.4877
2011-09-08T10:38:29+0530: [Worker(delayed_job host:rajsurabhi-desktop pid:4913)] FetchData failed with RestClient::RequestTimeout: Request Timeout - 0 failed attempts
2011-09-08T10:38:33+0530: [Worker(delayed_job host:rajsurabhi-desktop pid:4913)] FetchData completed after 3.8145
2011-09-08T10:38:33+0530: [Worker(delayed_job host:rajsurabhi-desktop pid:4913)] 12 jobs processed at 0.0730 j/s, 1 failed ...
2011-09-08T10:38:41+0530: [Worker(delayed_job host:rajsurabhi-desktop pid:4913)] FetchData completed after 3.3553
2011-09-08T10:38:41+0530: [Worker(delayed_job host:rajsurabhi-desktop pid:4913)] 1 jobs processed at 0.2935 j/s, 0 failed ...
2011-09-08T11:16:55+0530: [Worker(delayed_job host:rajsurabhi-desktop pid:4913)] Exiting...
2011-09-08T11:17:03+0530: [Worker(delayed_job host:rajsurabhi-desktop pid:6081)] Starting job worker
2011-09-08T11:17:16+0530: [Worker(delayed_job host:rajsurabhi-desktop pid:6081)] FetchData completed after 2.8437
2011-09-08T11:17:19+0530: [Worker(delayed_job host:rajsurabhi-desktop pid:6081)] FetchData completed after 3.3166
2011-09-08T11:17:34+0530: [Worker(delayed_job host:rajsurabhi-desktop pid:6081)] FetchData completed after 15.2308
2011-09-08T11:18:04+0530: [Worker(delayed_job host:rajsurabhi-desktop pid:6081)] FetchData completed after 29.3854
2011-09-08T11:18:13+0530: [Worker(delayed_job host:rajsurabhi-desktop pid:6081)] Exiting...
2011-09-08T11:18:13+0530: [Worker(delayed_job host:rajsurabhi-desktop pid:6081)] FetchData completed after 9.0739
2011-09-08T11:18:16+0530: [Worker(delayed_job host:rajsurabhi-desktop pid:6184)] Starting job worker
2011-09-08T11:18:24+0530: [Worker(delayed_job host:rajsurabhi-desktop pid:6184)] FetchData completed after 8.0608
2011-09-08T11:18:31+0530: [Worker(delayed_job host:rajsurabhi-desktop pid:6184)] FetchData completed after 6.6556
2011-09-08T11:18:55+0530: [Worker(delayed_job host:rajsurabhi-desktop pid:6184)] FetchData completed after 24.2454
2011-09-08T11:18:59+0530: [Worker(delayed_job host:rajsurabhi-desktop pid:6184)] FetchData completed after 3.4554
2011-09-08T11:19:21+0530: [Worker(delayed_job host:rajsurabhi-desktop pid:6184)] FetchData completed after 21.5736
2011-09-08T11:19:24+0530: [Worker(delayed_job host:rajsurabhi-desktop pid:6184)] FetchData completed after 3.2300
2011-09-08T11:19:29+0530: [Worker(delayed_job host:rajsurabhi-desktop pid:6184)] FetchData completed after 5.4556
2011-09-08T11:19:29+0530: [Worker(delayed_job host:rajsurabhi-desktop pid:6184)] 7 jobs processed at 0.0958 j/s, 0 failed ...
2011-09-08T12:05:15+0530: [Worker(delayed_job host:rajsurabhi-desktop pid:6184)] Exiting...
2011-09-08T12:05:40+0530: [Worker(delayed_job.0 host:rajsurabhi-desktop pid:6383)] Starting job worker
2011-09-08T12:05:40+0530: [Worker(delayed_job.4 host:rajsurabhi-desktop pid:6391)] Starting job worker
2011-09-08T12:05:40+0530: [Worker(delayed_job.5 host:rajsurabhi-desktop pid:6393)] Starting job worker
2011-09-08T12:05:40+0530: [Worker(delayed_job.1 host:rajsurabhi-desktop pid:6385)] Starting job worker
2011-09-08T12:05:41+0530: [Worker(delayed_job.7 host:rajsurabhi-desktop pid:6397)] Starting job worker
2011-09-08T12:05:41+0530: [Worker(delayed_job.3 host:rajsurabhi-desktop pid:6389)] Starting job worker
2011-09-08T12:05:41+0530: [Worker(delayed_job.2 host:rajsurabhi-desktop pid:6387)] Starting job worker
2011-09-08T12:05:41+0530: [Worker(delayed_job.6 host:rajsurabhi-desktop pid:6395)] Starting job worker
2011-09-08T12:05:41+0530: [Worker(delayed_job.8 host:rajsurabhi-desktop pid:6399)] Starting job worker
2011-09-08T12:05:41+0530: [Worker(delayed_job.9 host:rajsurabhi-desktop pid:6401)] Starting job worker
2011-09-08T12:06:05+0530: [Worker(delayed_job.3 host:rajsurabhi-desktop pid:6389)] Exiting...
2011-09-08T12:06:05+0530: [Worker(delayed_job.6 host:rajsurabhi-desktop pid:6395)] Exiting...
2011-09-08T12:06:05+0530: [Worker(delayed_job.7 host:rajsurabhi-desktop pid:6397)] Exiting...
2011-09-08T12:06:05+0530: [Worker(delayed_job.5 host:rajsurabhi-desktop pid:6393)] Exiting...
2011-09-08T12:06:05+0530: [Worker(delayed_job.4 host:rajsurabhi-desktop pid:6391)] Exiting...
2011-09-08T12:06:05+0530: [Worker(delayed_job.2 host:rajsurabhi-desktop pid:6387)] Exiting...
2011-09-08T12:06:05+0530: [Worker(delayed_job.9 host:rajsurabhi-desktop pid:6401)] Exiting...
2011-09-08T12:06:05+0530: [Worker(delayed_job.1 host:rajsurabhi-desktop pid:6385)] Exiting...
2011-09-08T12:06:05+0530: [Worker(delayed_job.8 host:rajsurabhi-desktop pid:6399)] Exiting...
2011-09-08T12:06:05+0530: [Worker(delayed_job.0 host:rajsurabhi-desktop pid:6383)] Exiting...
2011-09-08T12:06:30+0530: [Worker(delayed_job host:rajsurabhi-desktop pid:6414)] Starting job worker
2011-09-08T12:06:44+0530: [Worker(delayed_job host:rajsurabhi-desktop pid:6414)] FetchData completed after 8.5378
2011-09-08T12:06:47+0530: [Worker(delayed_job host:rajsurabhi-desktop pid:6414)] FetchData completed after 3.1706
2011-09-08T12:07:01+0530: [Worker(delayed_job host:rajsurabhi-desktop pid:6414)] FetchData completed after 14.3924
2011-09-08T12:07:11+0530: [Worker(delayed_job host:rajsurabhi-desktop pid:6414)] FetchData completed after 9.2668
2011-09-08T12:07:28+0530: [Worker(delayed_job host:rajsurabhi-desktop pid:6414)] FetchData completed after 16.9369
2011-09-08T12:07:42+0530: [Worker(delayed_job host:rajsurabhi-desktop pid:6414)] FetchData completed after 14.0370
2011-09-08T12:07:49+0530: [Worker(delayed_job host:rajsurabhi-desktop pid:6414)] FetchData completed after 7.1601
2011-09-08T12:07:53+0530: [Worker(delayed_job host:rajsurabhi-desktop pid:6414)] FetchData completed after 4.5637
2011-09-08T12:07:57+0530: [Worker(delayed_job host:rajsurabhi-desktop pid:6414)] FetchData completed after 3.8225
2011-09-08T12:08:09+0530: [Worker(delayed_job host:rajsurabhi-desktop pid:6414)] FetchData completed after 11.3777
2011-09-08T12:08:36+0530: [Worker(delayed_job host:rajsurabhi-desktop pid:6414)] FetchData completed after 27.1953
2011-09-08T12:08:41+0530: [Worker(delayed_job host:rajsurabhi-desktop pid:6414)] FetchData completed after 5.0882
2011-09-08T12:08:41+0530: [Worker(delayed_job host:rajsurabhi-desktop pid:6414)] 12 jobs processed at 0.0952 j/s, 0 failed ...
2011-09-08T13:02:19+0530: [Worker(delayed_job host:rajsurabhi-desktop pid:7934)] Starting job worker
2011-09-08T13:02:47+0530: [Worker(delayed_job host:rajsurabhi-desktop pid:7934)] Exiting...
2011-09-08T13:02:52+0530: [Worker(delayed_job host:rajsurabhi-desktop pid:7940)] Starting job worker
2011-09-08T15:45:26+0530: [Worker(delayed_job host:rajsurabhi-desktop pid:7940)] FetchData completed after 20.4578
2011-09-08T15:45:26+0530: [Worker(delayed_job host:rajsurabhi-desktop pid:7940)] 1 jobs processed at 0.0488 j/s, 0 failed ...
2011-09-08T15:46:54+0530: [Worker(delayed_job host:rajsurabhi-desktop pid:7940)] FetchData failed with RestClient::RequestTimeout: Request Timeout - 0 failed attempts
2011-09-08T15:47:04+0530: [Worker(delayed_job host:rajsurabhi-desktop pid:7940)] FetchData completed after 10.8369
2011-09-08T15:47:11+0530: [Worker(delayed_job host:rajsurabhi-desktop pid:7940)] FetchData completed after 6.9296
2011-09-08T15:47:33+0530: [Worker(delayed_job host:rajsurabhi-desktop pid:7940)] FetchData completed after 21.8900
2011-09-08T15:47:55+0530: [Worker(delayed_job host:rajsurabhi-desktop pid:7940)] FetchData completed after 21.7074
2011-09-08T15:48:06+0530: [Worker(delayed_job host:rajsurabhi-desktop pid:7940)] FetchData completed after 10.8942
2011-09-08T15:48:12+0530: [Worker(delayed_job host:rajsurabhi-desktop pid:7940)] FetchData completed after 5.9799
2011-09-08T15:48:12+0530: [Worker(delayed_job host:rajsurabhi-desktop pid:7940)] 7 jobs processed at 0.0497 j/s, 1 failed ...
2011-09-08T17:10:47+0530: [Worker(delayed_job host:rajsurabhi-desktop pid:7940)] Exiting...
2011-09-08T17:10:53+0530: [Worker(delayed_job host:rajsurabhi-desktop pid:12684)] Starting job worker
2011-09-08T17:12:19+0530: [Worker(delayed_job host:rajsurabhi-desktop pid:12684)] Exiting...
2011-09-08T17:12:27+0530: [Worker(delayed_job host:rajsurabhi-desktop pid:12700)] Starting job worker
2011-09-08T17:15:30+0530: [Worker(delayed_job host:rajsurabhi-desktop pid:12700)] Exiting...
2011-09-08T17:15:46+0530: [Worker(delayed_job host:rajsurabhi-desktop pid:12793)] Starting job worker
2011-09-08T17:17:22+0530: [Worker(delayed_job host:rajsurabhi-desktop pid:12793)] FetchData completed after 4.8627
2011-09-08T17:17:22+0530: [Worker(delayed_job host:rajsurabhi-desktop pid:12793)] 1 jobs processed at 0.2044 j/s, 0 failed ...
2011-09-09T10:06:07+0530: [Worker(delayed_job host:rajsurabhi-desktop pid:4851)] Starting job worker
2011-09-09T11:35:19+0530: [Worker(delayed_job host:rajsurabhi-desktop pid:4851)] Exiting...
2011-09-09T11:46:17+0530: [Worker(delayed_job host:rajsurabhi-desktop pid:7025)] Starting job worker
2011-09-09T11:46:46+0530: [Worker(delayed_job host:rajsurabhi-desktop pid:7025)] FetchData completed after 9.1687
2011-09-09T11:46:46+0530: [Worker(delayed_job host:rajsurabhi-desktop pid:7025)] 1 jobs processed at 0.1080 j/s, 0 failed ...
2011-09-09T11:48:43+0530: [Worker(delayed_job host:rajsurabhi-desktop pid:7025)] Exiting...
2011-09-09T11:48:49+0530: [Worker(delayed_job host:rajsurabhi-desktop pid:7078)] Starting job worker
2011-09-09T11:49:03+0530: [Worker(delayed_job host:rajsurabhi-desktop pid:7078)] FetchData completed after 4.2711
2011-09-09T11:49:03+0530: [Worker(delayed_job host:rajsurabhi-desktop pid:7078)] 1 jobs processed at 0.2325 j/s, 0 failed ...
2011-09-09T11:50:07+0530: [Worker(delayed_job host:rajsurabhi-desktop pid:7078)] FetchData completed after 23.0275
2011-09-09T11:50:07+0530: [Worker(delayed_job host:rajsurabhi-desktop pid:7078)] 1 jobs processed at 0.0433 j/s, 0 failed ...
2011-09-09T11:51:16+0530: [Worker(delayed_job host:rajsurabhi-desktop pid:7078)] Exiting...
2011-09-09T11:51:20+0530: [Worker(delayed_job host:rajsurabhi-desktop pid:7110)] Starting job worker
2011-09-09T11:51:49+0530: [Worker(delayed_job host:rajsurabhi-desktop pid:7110)] FetchData completed after 14.6044
2011-09-09T11:51:49+0530: [Worker(delayed_job host:rajsurabhi-desktop pid:7110)] 1 jobs processed at 0.0683 j/s, 0 failed ...
2011-09-09T11:52:37+0530: [Worker(delayed_job host:rajsurabhi-desktop pid:7110)] Exiting...
2011-09-09T11:52:43+0530: [Worker(delayed_job host:rajsurabhi-desktop pid:7128)] Starting job worker
2011-09-09T11:53:14+0530: [Worker(delayed_job host:rajsurabhi-desktop pid:7128)] FetchData completed after 20.9099
2011-09-09T11:53:14+0530: [Worker(delayed_job host:rajsurabhi-desktop pid:7128)] 1 jobs processed at 0.0478 j/s, 0 failed ...
2011-09-09T11:53:55+0530: [Worker(delayed_job host:rajsurabhi-desktop pid:7128)] Exiting...
2011-09-09T11:54:01+0530: [Worker(delayed_job host:rajsurabhi-desktop pid:7155)] Starting job worker
2011-09-09T11:54:30+0530: [Worker(delayed_job host:rajsurabhi-desktop pid:7155)] FetchData completed after 18.6298
2011-09-09T11:54:30+0530: [Worker(delayed_job host:rajsurabhi-desktop pid:7155)] 1 jobs processed at 0.0536 j/s, 0 failed ...
2011-09-09T11:57:40+0530: [Worker(delayed_job host:rajsurabhi-desktop pid:7155)] Exiting...
2011-09-09T11:57:44+0530: [Worker(delayed_job host:rajsurabhi-desktop pid:7180)] Starting job worker
2011-09-09T11:58:35+0530: [Worker(delayed_job host:rajsurabhi-desktop pid:7180)] FetchData completed after 36.0820
2011-09-09T11:58:35+0530: [Worker(delayed_job host:rajsurabhi-desktop pid:7180)] 1 jobs processed at 0.0277 j/s, 0 failed ...
2011-09-09T12:01:10+0530: [Worker(delayed_job host:rajsurabhi-desktop pid:7180)] Exiting...
2011-09-09T12:01:15+0530: [Worker(delayed_job host:rajsurabhi-desktop pid:7216)] Starting job worker
2011-09-09T12:01:32+0530: [Worker(delayed_job host:rajsurabhi-desktop pid:7216)] FetchData completed after 6.1574
2011-09-09T12:01:32+0530: [Worker(delayed_job host:rajsurabhi-desktop pid:7216)] 1 jobs processed at 0.1602 j/s, 0 failed ...
2011-09-09T12:03:00+0530: [Worker(delayed_job host:rajsurabhi-desktop pid:7216)] FetchData completed after 3.5874
2011-09-09T12:03:00+0530: [Worker(delayed_job host:rajsurabhi-desktop pid:7216)] 1 jobs processed at 0.2766 j/s, 0 failed ...
2011-09-09T12:05:00+0530: [Worker(delayed_job host:rajsurabhi-desktop pid:7216)] FetchData completed after 19.6689
2011-09-09T12:05:00+0530: [Worker(delayed_job host:rajsurabhi-desktop pid:7216)] 1 jobs processed at 0.0508 j/s, 0 failed ...
2011-09-09T12:07:32+0530: [Worker(delayed_job host:rajsurabhi-desktop pid:7216)] FetchData completed after 22.1612
2011-09-09T12:07:32+0530: [Worker(delayed_job host:rajsurabhi-desktop pid:7216)] 1 jobs processed at 0.0450 j/s, 0 failed ...
2011-09-09T12:08:42+0530: [Worker(delayed_job host:rajsurabhi-desktop pid:7216)] Exiting...
2011-09-09T12:08:45+0530: [Worker(delayed_job host:rajsurabhi-desktop pid:7607)] Starting job worker
2011-09-09T12:09:09+0530: [Worker(delayed_job host:rajsurabhi-desktop pid:7607)] FetchData completed after 3.8537
2011-09-09T12:09:09+0530: [Worker(delayed_job host:rajsurabhi-desktop pid:7607)] 1 jobs processed at 0.2575 j/s, 0 failed ...
2011-09-09T12:09:49+0530: [Worker(delayed_job host:rajsurabhi-desktop pid:7607)] FetchData completed after 14.5279
2011-09-09T12:09:49+0530: [Worker(delayed_job host:rajsurabhi-desktop pid:7607)] 1 jobs processed at 0.0685 j/s, 0 failed ...
2011-09-09T12:10:12+0530: [Worker(delayed_job host:rajsurabhi-desktop pid:7607)] Exiting...
2011-09-09T12:10:17+0530: [Worker(delayed_job host:rajsurabhi-desktop pid:7738)] Starting job worker
2011-09-09T12:10:37+0530: [Worker(delayed_job host:rajsurabhi-desktop pid:7738)] FetchData completed after 4.3559
2011-09-09T12:10:37+0530: [Worker(delayed_job host:rajsurabhi-desktop pid:7738)] 1 jobs processed at 0.2280 j/s, 0 failed ...
2011-09-09T12:12:05+0530: [Worker(delayed_job host:rajsurabhi-desktop pid:7738)] FetchData failed with RestClient::RequestTimeout: Request Timeout - 0 failed attempts
2011-09-09T12:12:05+0530: [Worker(delayed_job host:rajsurabhi-desktop pid:7738)] 1 jobs processed at 0.0158 j/s, 1 failed ...
2011-09-09T12:12:20+0530: [Worker(delayed_job host:rajsurabhi-desktop pid:7738)] FetchData completed after 4.8674
2011-09-09T12:12:20+0530: [Worker(delayed_job host:rajsurabhi-desktop pid:7738)] 1 jobs processed at 0.2025 j/s, 0 failed ...
2011-09-09T12:12:43+0530: [Worker(delayed_job host:rajsurabhi-desktop pid:7738)] Exiting...
2011-09-09T12:12:48+0530: [Worker(delayed_job host:rajsurabhi-desktop pid:7884)] Starting job worker
2011-09-09T12:13:19+0530: [Worker(delayed_job host:rajsurabhi-desktop pid:7884)] FetchData completed after 5.6954
2011-09-09T12:13:19+0530: [Worker(delayed_job host:rajsurabhi-desktop pid:7884)] 1 jobs processed at 0.1741 j/s, 0 failed ...
2011-09-09T12:13:37+0530: [Worker(delayed_job host:rajsurabhi-desktop pid:7884)] FetchData completed after 8.5684
2011-09-09T12:13:37+0530: [Worker(delayed_job host:rajsurabhi-desktop pid:7884)] 1 jobs processed at 0.1164 j/s, 0 failed ...
2011-09-09T12:14:19+0530: [Worker(delayed_job host:rajsurabhi-desktop pid:7884)] Exiting...
2011-09-09T12:14:25+0530: [Worker(delayed_job host:rajsurabhi-desktop pid:7937)] Starting job worker
2011-09-09T12:15:04+0530: [Worker(delayed_job host:rajsurabhi-desktop pid:7937)] FetchData failed with TypeError: can't convert nil into String - 0 failed attempts
2011-09-09T12:15:04+0530: [Worker(delayed_job host:rajsurabhi-desktop pid:7937)] 1 jobs processed at 0.0347 j/s, 1 failed ...
2011-09-09T12:15:39+0530: [Worker(delayed_job host:rajsurabhi-desktop pid:7937)] FetchData failed with TypeError: can't convert nil into String - 1 failed attempts
2011-09-09T12:16:02+0530: [Worker(delayed_job host:rajsurabhi-desktop pid:7937)] FetchData failed with TypeError: can't convert nil into String - 0 failed attempts
2011-09-09T12:16:15+0530: [Worker(delayed_job host:rajsurabhi-desktop pid:7937)] FetchData failed with TypeError: can't convert nil into String - 2 failed attempts
2011-09-09T12:16:43+0530: [Worker(delayed_job host:rajsurabhi-desktop pid:7937)] Exiting...
2011-09-09T12:17:12+0530: [Worker(delayed_job host:rajsurabhi-desktop pid:8041)] Starting job worker
2011-09-09T12:18:33+0530: [Worker(delayed_job host:rajsurabhi-desktop pid:8041)] FetchData completed after 66.0418
2011-09-09T12:18:33+0530: [Worker(delayed_job host:rajsurabhi-desktop pid:8041)] 1 jobs processed at 0.0151 j/s, 0 failed ...
2011-09-09T12:18:58+0530: [Worker(delayed_job host:rajsurabhi-desktop pid:8041)] FetchData completed after 9.2759
2011-09-09T12:18:58+0530: [Worker(delayed_job host:rajsurabhi-desktop pid:8041)] 1 jobs processed at 0.1074 j/s, 0 failed ...
2011-09-09T12:19:44+0530: [Worker(delayed_job host:rajsurabhi-desktop pid:8041)] Exiting...
2011-09-09T12:19:51+0530: [Worker(delayed_job host:rajsurabhi-desktop pid:8314)] Starting job worker
2011-09-09T12:20:10+0530: [Worker(delayed_job host:rajsurabhi-desktop pid:8314)] FetchData completed after 4.0034
2011-09-09T12:20:10+0530: [Worker(delayed_job host:rajsurabhi-desktop pid:8314)] 1 jobs processed at 0.2470 j/s, 0 failed ...
2011-09-09T12:20:40+0530: [Worker(delayed_job host:rajsurabhi-desktop pid:8314)] FetchData completed after 5.0861
2011-09-09T12:20:40+0530: [Worker(delayed_job host:rajsurabhi-desktop pid:8314)] 1 jobs processed at 0.1950 j/s, 0 failed ...
2011-09-09T12:20:58+0530: [Worker(delayed_job host:rajsurabhi-desktop pid:8314)] Exiting...
2011-09-09T12:21:03+0530: [Worker(delayed_job host:rajsurabhi-desktop pid:8444)] Starting job worker
2011-09-09T12:21:33+0530: [Worker(delayed_job host:rajsurabhi-desktop pid:8444)] FetchData completed after 19.9575
2011-09-09T12:21:41+0530: [Worker(delayed_job host:rajsurabhi-desktop pid:8444)] FetchData completed after 7.1947
2011-09-09T12:21:41+0530: [Worker(delayed_job host:rajsurabhi-desktop pid:8444)] 2 jobs processed at 0.0733 j/s, 0 failed ...
2011-09-09T12:22:47+0530: [Worker(delayed_job host:rajsurabhi-desktop pid:8444)] FetchData completed after 36.6667
2011-09-09T12:22:47+0530: [Worker(delayed_job host:rajsurabhi-desktop pid:8444)] 1 jobs processed at 0.0272 j/s, 0 failed ...
2011-09-09T12:23:01+0530: [Worker(delayed_job host:rajsurabhi-desktop pid:8444)] FetchData completed after 3.2631
2011-09-09T12:23:01+0530: [Worker(delayed_job host:rajsurabhi-desktop pid:8444)] 1 jobs processed at 0.3042 j/s, 0 failed ...
2011-09-09T12:24:42+0530: [Worker(delayed_job host:rajsurabhi-desktop pid:8444)] FetchData completed after 26.3981
2011-09-09T12:24:42+0530: [Worker(delayed_job host:rajsurabhi-desktop pid:8444)] 1 jobs processed at 0.0379 j/s, 0 failed ...
2011-09-09T12:25:36+0530: [Worker(delayed_job host:rajsurabhi-desktop pid:8444)] FetchData completed after 3.3169
2011-09-09T12:25:36+0530: [Worker(delayed_job host:rajsurabhi-desktop pid:8444)] 1 jobs processed at 0.2965 j/s, 0 failed ...
2011-09-09T12:28:03+0530: [Worker(delayed_job host:rajsurabhi-desktop pid:8444)] Exiting...
2011-09-09T12:28:09+0530: [Worker(delayed_job host:rajsurabhi-desktop pid:8615)] Starting job worker
2011-09-09T12:28:30+0530: [Worker(delayed_job host:rajsurabhi-desktop pid:8615)] FetchData failed with NameError: undefined local variable or method `img' for #<FetchDataController:0xb67228cc> - 0 failed attempts
2011-09-09T12:28:30+0530: [Worker(delayed_job host:rajsurabhi-desktop pid:8615)] 1 jobs processed at 0.0869 j/s, 1 failed ...
2011-09-09T12:28:44+0530: [Worker(delayed_job host:rajsurabhi-desktop pid:8615)] FetchData failed with NameError: undefined local variable or method `img' for #<FetchDataController:0xb66dc958> - 1 failed attempts
2011-09-09T12:28:44+0530: [Worker(delayed_job host:rajsurabhi-desktop pid:8615)] 1 jobs processed at 0.2637 j/s, 1 failed ...
2011-09-09T12:28:50+0530: [Worker(delayed_job host:rajsurabhi-desktop pid:8615)] Exiting...
2011-09-09T12:28:58+0530: [Worker(delayed_job host:rajsurabhi-desktop pid:8633)] Starting job worker
2011-09-09T12:29:12+0530: [Worker(delayed_job host:rajsurabhi-desktop pid:8633)] FetchData completed after 3.4742
2011-09-09T12:29:12+0530: [Worker(delayed_job host:rajsurabhi-desktop pid:8633)] 1 jobs processed at 0.2825 j/s, 0 failed ...
2011-09-09T12:29:47+0530: [Worker(delayed_job host:rajsurabhi-desktop pid:8633)] FetchData completed after 14.9692
2011-09-09T12:29:47+0530: [Worker(delayed_job host:rajsurabhi-desktop pid:8633)] 1 jobs processed at 0.0665 j/s, 0 failed ...
2011-09-09T12:30:12+0530: [Worker(delayed_job host:rajsurabhi-desktop pid:8633)] Exiting...
2011-09-09T12:30:20+0530: [Worker(delayed_job host:rajsurabhi-desktop pid:8693)] Starting job worker
2011-09-09T12:30:38+0530: [Worker(delayed_job host:rajsurabhi-desktop pid:8693)] FetchData completed after 7.1775
2011-09-09T12:30:38+0530: [Worker(delayed_job host:rajsurabhi-desktop pid:8693)] 1 jobs processed at 0.1385 j/s, 0 failed ...
2011-09-09T12:32:22+0530: [Worker(delayed_job host:rajsurabhi-desktop pid:8693)] FetchData completed after 4.4822
2011-09-09T12:32:22+0530: [Worker(delayed_job host:rajsurabhi-desktop pid:8693)] 1 jobs processed at 0.2212 j/s, 0 failed ...
2011-09-09T12:33:05+0530: [Worker(delayed_job host:rajsurabhi-desktop pid:8693)] Exiting...
2011-09-09T12:33:10+0530: [Worker(delayed_job host:rajsurabhi-desktop pid:8759)] Starting job worker
2011-09-09T12:33:24+0530: [Worker(delayed_job host:rajsurabhi-desktop pid:8759)] FetchData completed after 3.5873
2011-09-09T12:33:24+0530: [Worker(delayed_job host:rajsurabhi-desktop pid:8759)] 1 jobs processed at 0.2763 j/s, 0 failed ...
2011-09-09T12:34:37+0530: [Worker(delayed_job host:rajsurabhi-desktop pid:8759)] FetchData completed after 32.3346
2011-09-09T12:34:54+0530: [Worker(delayed_job host:rajsurabhi-desktop pid:8759)] FetchData completed after 17.6623
2011-09-09T12:34:54+0530: [Worker(delayed_job host:rajsurabhi-desktop pid:8759)] 2 jobs processed at 0.0399 j/s, 0 failed ...
2011-09-09T12:38:09+0530: [Worker(delayed_job host:rajsurabhi-desktop pid:8759)] FetchData failed with RestClient::RequestTimeout: Request Timeout - 0 failed attempts
2011-09-09T12:38:19+0530: [Worker(delayed_job host:rajsurabhi-desktop pid:8759)] FetchData completed after 9.7666
2011-09-09T12:39:28+0530: [Worker(delayed_job host:rajsurabhi-desktop pid:8759)] FetchData failed with RestClient::RequestTimeout: Request Timeout - 1 failed attempts
2011-09-09T12:39:28+0530: [Worker(delayed_job host:rajsurabhi-desktop pid:8759)] 3 jobs processed at 0.0202 j/s, 2 failed ...
2011-09-09T12:41:47+0530: [Worker(delayed_job host:rajsurabhi-desktop pid:8759)] Exiting...
2011-09-09T12:41:51+0530: [Worker(delayed_job host:rajsurabhi-desktop pid:9218)] Starting job worker
2011-09-09T12:42:32+0530: [Worker(delayed_job host:rajsurabhi-desktop pid:9218)] FetchData failed with ActiveRecord::RecordNotFound: Couldn't find Image without an ID - 0 failed attempts
2011-09-09T12:42:32+0530: [Worker(delayed_job host:rajsurabhi-desktop pid:9218)] 1 jobs processed at 1.9315 j/s, 1 failed ...
2011-09-09T12:42:42+0530: [Worker(delayed_job host:rajsurabhi-desktop pid:9218)] FetchData failed with ActiveRecord::RecordNotFound: Couldn't find Image without an ID - 1 failed attempts
2011-09-09T12:42:42+0530: [Worker(delayed_job host:rajsurabhi-desktop pid:9218)] 1 jobs processed at 16.5038 j/s, 1 failed ...
2011-09-09T12:43:04+0530: [Worker(delayed_job host:rajsurabhi-desktop pid:9218)] Exiting...
2011-09-09T12:44:12+0530: [Worker(delayed_job host:rajsurabhi-desktop pid:9660)] Starting job worker
2011-09-09T12:44:31+0530: [Worker(delayed_job host:rajsurabhi-desktop pid:9660)] FetchData completed after 18.9209
2011-09-09T12:44:31+0530: [Worker(delayed_job host:rajsurabhi-desktop pid:9660)] 1 jobs processed at 0.0526 j/s, 0 failed ...
2011-09-09T12:45:57+0530: [Worker(delayed_job host:rajsurabhi-desktop pid:9660)] FetchData completed after 36.0999
2011-09-09T12:45:57+0530: [Worker(delayed_job host:rajsurabhi-desktop pid:9660)] 1 jobs processed at 0.0277 j/s, 0 failed ...
2011-09-09T12:47:32+0530: [Worker(delayed_job host:rajsurabhi-desktop pid:9660)] Exiting...
2011-09-09T12:47:35+0530: [Worker(delayed_job host:rajsurabhi-desktop pid:9951)] Starting job worker
2011-09-09T12:48:39+0530: [Worker(delayed_job host:rajsurabhi-desktop pid:9951)] FetchData completed after 48.2082
2011-09-09T12:48:39+0530: [Worker(delayed_job host:rajsurabhi-desktop pid:9951)] 1 jobs processed at 0.0207 j/s, 0 failed ...
2011-09-09T12:49:02+0530: [Worker(delayed_job host:rajsurabhi-desktop pid:9951)] FetchData completed after 3.3555
2011-09-09T12:49:02+0530: [Worker(delayed_job host:rajsurabhi-desktop pid:9951)] 1 jobs processed at 0.2931 j/s, 0 failed ...
2011-09-09T12:50:41+0530: [Worker(delayed_job host:rajsurabhi-desktop pid:9951)] Exiting...
2011-09-09T12:51:01+0530: [Worker(delayed_job host:rajsurabhi-desktop pid:10129)] Starting job worker
2011-09-09T12:51:17+0530: [Worker(delayed_job host:rajsurabhi-desktop pid:10129)] FetchData completed after 5.5114
2011-09-09T12:51:21+0530: [Worker(delayed_job host:rajsurabhi-desktop pid:10129)] FetchData completed after 4.5044
2011-09-09T12:51:21+0530: [Worker(delayed_job host:rajsurabhi-desktop pid:10129)] 2 jobs processed at 0.1984 j/s, 0 failed ...
2011-09-09T12:51:45+0530: [Worker(delayed_job host:rajsurabhi-desktop pid:10129)] FetchData completed after 3.6565
2011-09-09T12:51:45+0530: [Worker(delayed_job host:rajsurabhi-desktop pid:10129)] 1 jobs processed at 0.2696 j/s, 0 failed ...
2011-09-09T12:52:57+0530: [Worker(delayed_job host:rajsurabhi-desktop pid:10129)] Exiting...
2011-09-09T12:53:03+0530: [Worker(delayed_job host:rajsurabhi-desktop pid:10158)] Starting job worker
2011-09-09T12:53:34+0530: [Worker(delayed_job host:rajsurabhi-desktop pid:10158)] FetchData completed after 5.6198
2011-09-09T12:54:08+0530: [Worker(delayed_job host:rajsurabhi-desktop pid:10158)] FetchData completed after 34.6023
2011-09-09T12:54:08+0530: [Worker(delayed_job host:rajsurabhi-desktop pid:10158)] 2 jobs processed at 0.0496 j/s, 0 failed ...
2011-09-09T12:54:32+0530: [Worker(delayed_job host:rajsurabhi-desktop pid:10158)] FetchData completed after 8.4135
2011-09-09T12:54:32+0530: [Worker(delayed_job host:rajsurabhi-desktop pid:10158)] 1 jobs processed at 0.1181 j/s, 0 failed ...
2011-09-09T12:55:11+0530: [Worker(delayed_job host:rajsurabhi-desktop pid:10158)] FetchData completed after 4.3284
2011-09-09T12:55:11+0530: [Worker(delayed_job host:rajsurabhi-desktop pid:10158)] 1 jobs processed at 0.2299 j/s, 0 failed ...
2011-09-09T14:36:42+0530: [Worker(delayed_job host:rajsurabhi-desktop pid:10158)] FetchData completed after 7.3105
2011-09-09T14:36:42+0530: [Worker(delayed_job host:rajsurabhi-desktop pid:10158)] 1 jobs processed at 0.1359 j/s, 0 failed ...
2011-09-09T16:06:48+0530: [Worker(delayed_job host:rajsurabhi-desktop pid:10158)] FetchData completed after 33.9594
2011-09-09T16:06:48+0530: [Worker(delayed_job host:rajsurabhi-desktop pid:10158)] 1 jobs processed at 0.0294 j/s, 0 failed ...
2011-09-12T10:10:30+0530: [Worker(delayed_job host:rajsurabhi-desktop pid:4343)] Starting job worker
2011-09-12T10:31:13+0530: [Worker(delayed_job host:rajsurabhi-desktop pid:4343)] FetchData completed after 30.3662
2011-09-12T10:31:13+0530: [Worker(delayed_job host:rajsurabhi-desktop pid:4343)] 1 jobs processed at 0.0329 j/s, 0 failed ...
2011-09-30T13:35:04+0530: [Worker(delayed_job host:rajsurabhi-desktop pid:9546)] Starting job worker
